\BOOKMARK [0][-]{chapter.1}{\376\377\0001\000\040\000P\000r\000o\000j\000e\000c\000t\000\040\000M\000p}{}% 1
\BOOKMARK [0][-]{chapter.2}{\376\377\0002\000\040\000T\000o\000d\000o\000\040\000L\000i\000s\000t}{}% 2
\BOOKMARK [0][-]{chapter.3}{\376\377\0003\000\040\000B\000u\000g\000\040\000L\000i\000s\000t}{}% 3
\BOOKMARK [0][-]{chapter.4}{\376\377\0004\000\040\000D\000a\000t\000a\000\040\000S\000t\000r\000u\000c\000t\000u\000r\000e\000\040\000I\000n\000d\000e\000x}{}% 4
\BOOKMARK [1][-]{section.4.1}{\376\377\0004\000.\0001\000\040\000D\000a\000t\000a\000\040\000S\000t\000r\000u\000c\000t\000u\000r\000e\000s}{chapter.4}% 5
\BOOKMARK [0][-]{chapter.5}{\376\377\0005\000\040\000F\000i\000l\000e\000\040\000I\000n\000d\000e\000x}{}% 6
\BOOKMARK [1][-]{section.5.1}{\376\377\0005\000.\0001\000\040\000F\000i\000l\000e\000\040\000L\000i\000s\000t}{chapter.5}% 7
\BOOKMARK [0][-]{chapter.6}{\376\377\0006\000\040\000D\000a\000t\000a\000\040\000S\000t\000r\000u\000c\000t\000u\000r\000e\000\040\000D\000o\000c\000u\000m\000e\000n\000t\000a\000t\000i\000o\000n}{}% 8
\BOOKMARK [1][-]{section.6.1}{\376\377\0006\000.\0001\000\040\000c\000J\000S\000O\000N\000\040\000S\000t\000r\000u\000c\000t\000\040\000R\000e\000f\000e\000r\000e\000n\000c\000e}{chapter.6}% 9
\BOOKMARK [2][-]{subsection.6.1.1}{\376\377\0006\000.\0001\000.\0001\000\040\000F\000i\000e\000l\000d\000\040\000D\000o\000c\000u\000m\000e\000n\000t\000a\000t\000i\000o\000n}{section.6.1}% 10
\BOOKMARK [3][-]{subsubsection.6.1.1.1}{\376\377\0006\000.\0001\000.\0001\000.\0001\000\040\000c\000h\000i\000l\000d}{subsection.6.1.1}% 11
\BOOKMARK [3][-]{subsubsection.6.1.1.2}{\376\377\0006\000.\0001\000.\0001\000.\0002\000\040\000n\000e\000x\000t}{subsection.6.1.1}% 12
\BOOKMARK [3][-]{subsubsection.6.1.1.3}{\376\377\0006\000.\0001\000.\0001\000.\0003\000\040\000p\000r\000e\000v}{subsection.6.1.1}% 13
\BOOKMARK [3][-]{subsubsection.6.1.1.4}{\376\377\0006\000.\0001\000.\0001\000.\0004\000\040\000s\000t\000r\000i\000n\000g}{subsection.6.1.1}% 14
\BOOKMARK [3][-]{subsubsection.6.1.1.5}{\376\377\0006\000.\0001\000.\0001\000.\0005\000\040\000t\000y\000p\000e}{subsection.6.1.1}% 15
\BOOKMARK [3][-]{subsubsection.6.1.1.6}{\376\377\0006\000.\0001\000.\0001\000.\0006\000\040\000v\000a\000l\000u\000e\000d\000o\000u\000b\000l\000e}{subsection.6.1.1}% 16
\BOOKMARK [3][-]{subsubsection.6.1.1.7}{\376\377\0006\000.\0001\000.\0001\000.\0007\000\040\000v\000a\000l\000u\000e\000i\000n\000t}{subsection.6.1.1}% 17
\BOOKMARK [3][-]{subsubsection.6.1.1.8}{\376\377\0006\000.\0001\000.\0001\000.\0008\000\040\000v\000a\000l\000u\000e\000s\000t\000r\000i\000n\000g}{subsection.6.1.1}% 18
\BOOKMARK [1][-]{section.6.2}{\376\377\0006\000.\0002\000\040\000c\000J\000S\000O\000N\000\137\000H\000o\000o\000k\000s\000\040\000S\000t\000r\000u\000c\000t\000\040\000R\000e\000f\000e\000r\000e\000n\000c\000e}{chapter.6}% 19
\BOOKMARK [1][-]{section.6.3}{\376\377\0006\000.\0003\000\040\000C\000o\000l\000o\000r\0001\0002\0008\000\040\000S\000t\000r\000u\000c\000t\000\040\000R\000e\000f\000e\000r\000e\000n\000c\000e}{chapter.6}% 20
\BOOKMARK [2][-]{subsection.6.3.1}{\376\377\0006\000.\0003\000.\0001\000\040\000F\000i\000e\000l\000d\000\040\000D\000o\000c\000u\000m\000e\000n\000t\000a\000t\000i\000o\000n}{section.6.3}% 21
\BOOKMARK [3][-]{subsubsection.6.3.1.1}{\376\377\0006\000.\0003\000.\0001\000.\0001\000\040\000C}{subsection.6.3.1}% 22
\BOOKMARK [3][-]{subsubsection.6.3.1.2}{\376\377\0006\000.\0003\000.\0001\000.\0002\000\040\000c\000o\000l\000o\000r\000P\000o\000l\000y}{subsection.6.3.1}% 23
\BOOKMARK [3][-]{subsubsection.6.3.1.3}{\376\377\0006\000.\0003\000.\0001\000.\0003\000\040\000C\000x}{subsection.6.3.1}% 24
\BOOKMARK [3][-]{subsubsection.6.3.1.4}{\376\377\0006\000.\0003\000.\0001\000.\0004\000\040\000C\000y}{subsection.6.3.1}% 25
\BOOKMARK [3][-]{subsubsection.6.3.1.5}{\376\377\0006\000.\0003\000.\0001\000.\0005\000\040\000D\000i\000s\000t\000a\000n\000c\000e\000M\000a\000x}{subsection.6.3.1}% 26
\BOOKMARK [3][-]{subsubsection.6.3.1.6}{\376\377\0006\000.\0003\000.\0001\000.\0006\000\040\000E\000x\000p\000s}{subsection.6.3.1}% 27
\BOOKMARK [3][-]{subsubsection.6.3.1.7}{\376\377\0006\000.\0003\000.\0001\000.\0007\000\040\000n}{subsection.6.3.1}% 28
\BOOKMARK [3][-]{subsubsection.6.3.1.8}{\376\377\0006\000.\0003\000.\0001\000.\0008\000\040\000Z}{subsection.6.3.1}% 29
\BOOKMARK [3][-]{subsubsection.6.3.1.9}{\376\377\0006\000.\0003\000.\0001\000.\0009\000\040\000Z\000x}{subsection.6.3.1}% 30
\BOOKMARK [3][-]{subsubsection.6.3.1.10}{\376\377\0006\000.\0003\000.\0001\000.\0001\0000\000\040\000Z\000x\0002}{subsection.6.3.1}% 31
\BOOKMARK [3][-]{subsubsection.6.3.1.11}{\376\377\0006\000.\0003\000.\0001\000.\0001\0001\000\040\000Z\000y}{subsection.6.3.1}% 32
\BOOKMARK [3][-]{subsubsection.6.3.1.12}{\376\377\0006\000.\0003\000.\0001\000.\0001\0002\000\040\000Z\000y\0002}{subsection.6.3.1}% 33
\BOOKMARK [1][-]{section.6.4}{\376\377\0006\000.\0004\000\040\000C\000o\000l\000o\000r\000D\000B\000L\000\040\000S\000t\000r\000u\000c\000t\000\040\000R\000e\000f\000e\000r\000e\000n\000c\000e}{chapter.6}% 34
\BOOKMARK [2][-]{subsection.6.4.1}{\376\377\0006\000.\0004\000.\0001\000\040\000F\000i\000e\000l\000d\000\040\000D\000o\000c\000u\000m\000e\000n\000t\000a\000t\000i\000o\000n}{section.6.4}% 35
\BOOKMARK [3][-]{subsubsection.6.4.1.1}{\376\377\0006\000.\0004\000.\0001\000.\0001\000\040\000C}{subsection.6.4.1}% 36
\BOOKMARK [3][-]{subsubsection.6.4.1.2}{\376\377\0006\000.\0004\000.\0001\000.\0002\000\040\000c\000o\000l\000o\000r\000P\000o\000l\000y}{subsection.6.4.1}% 37
\BOOKMARK [3][-]{subsubsection.6.4.1.3}{\376\377\0006\000.\0004\000.\0001\000.\0003\000\040\000C\000x}{subsection.6.4.1}% 38
\BOOKMARK [3][-]{subsubsection.6.4.1.4}{\376\377\0006\000.\0004\000.\0001\000.\0004\000\040\000C\000y}{subsection.6.4.1}% 39
\BOOKMARK [3][-]{subsubsection.6.4.1.5}{\376\377\0006\000.\0004\000.\0001\000.\0005\000\040\000D\000i\000s\000t\000a\000n\000c\000e\000M\000a\000x}{subsection.6.4.1}% 40
\BOOKMARK [3][-]{subsubsection.6.4.1.6}{\376\377\0006\000.\0004\000.\0001\000.\0006\000\040\000E\000x\000p\000s}{subsection.6.4.1}% 41
\BOOKMARK [3][-]{subsubsection.6.4.1.7}{\376\377\0006\000.\0004\000.\0001\000.\0007\000\040\000n}{subsection.6.4.1}% 42
\BOOKMARK [3][-]{subsubsection.6.4.1.8}{\376\377\0006\000.\0004\000.\0001\000.\0008\000\040\000Z}{subsection.6.4.1}% 43
\BOOKMARK [3][-]{subsubsection.6.4.1.9}{\376\377\0006\000.\0004\000.\0001\000.\0009\000\040\000Z\000x}{subsection.6.4.1}% 44
\BOOKMARK [3][-]{subsubsection.6.4.1.10}{\376\377\0006\000.\0004\000.\0001\000.\0001\0000\000\040\000Z\000x\0002}{subsection.6.4.1}% 45
\BOOKMARK [3][-]{subsubsection.6.4.1.11}{\376\377\0006\000.\0004\000.\0001\000.\0001\0001\000\040\000Z\000y}{subsection.6.4.1}% 46
\BOOKMARK [3][-]{subsubsection.6.4.1.12}{\376\377\0006\000.\0004\000.\0001\000.\0001\0002\000\040\000Z\000y\0002}{subsection.6.4.1}% 47
\BOOKMARK [1][-]{section.6.5}{\376\377\0006\000.\0005\000\040\000C\000o\000l\000o\000r\000F\000L\000T\000\040\000S\000t\000r\000u\000c\000t\000\040\000R\000e\000f\000e\000r\000e\000n\000c\000e}{chapter.6}% 48
\BOOKMARK [2][-]{subsection.6.5.1}{\376\377\0006\000.\0005\000.\0001\000\040\000F\000i\000e\000l\000d\000\040\000D\000o\000c\000u\000m\000e\000n\000t\000a\000t\000i\000o\000n}{section.6.5}% 49
\BOOKMARK [3][-]{subsubsection.6.5.1.1}{\376\377\0006\000.\0005\000.\0001\000.\0001\000\040\000C}{subsection.6.5.1}% 50
\BOOKMARK [3][-]{subsubsection.6.5.1.2}{\376\377\0006\000.\0005\000.\0001\000.\0002\000\040\000c\000o\000l\000o\000r\000P\000o\000l\000y}{subsection.6.5.1}% 51
\BOOKMARK [3][-]{subsubsection.6.5.1.3}{\376\377\0006\000.\0005\000.\0001\000.\0003\000\040\000C\000x}{subsection.6.5.1}% 52
\BOOKMARK [3][-]{subsubsection.6.5.1.4}{\376\377\0006\000.\0005\000.\0001\000.\0004\000\040\000C\000y}{subsection.6.5.1}% 53
\BOOKMARK [3][-]{subsubsection.6.5.1.5}{\376\377\0006\000.\0005\000.\0001\000.\0005\000\040\000D\000i\000s\000t\000a\000n\000c\000e\000M\000a\000x}{subsection.6.5.1}% 54
\BOOKMARK [3][-]{subsubsection.6.5.1.6}{\376\377\0006\000.\0005\000.\0001\000.\0006\000\040\000E\000x\000p\000s}{subsection.6.5.1}% 55
\BOOKMARK [3][-]{subsubsection.6.5.1.7}{\376\377\0006\000.\0005\000.\0001\000.\0007\000\040\000n}{subsection.6.5.1}% 56
\BOOKMARK [3][-]{subsubsection.6.5.1.8}{\376\377\0006\000.\0005\000.\0001\000.\0008\000\040\000Z}{subsection.6.5.1}% 57
\BOOKMARK [3][-]{subsubsection.6.5.1.9}{\376\377\0006\000.\0005\000.\0001\000.\0009\000\040\000Z\000x}{subsection.6.5.1}% 58
\BOOKMARK [3][-]{subsubsection.6.5.1.10}{\376\377\0006\000.\0005\000.\0001\000.\0001\0000\000\040\000Z\000x\0002}{subsection.6.5.1}% 59
\BOOKMARK [3][-]{subsubsection.6.5.1.11}{\376\377\0006\000.\0005\000.\0001\000.\0001\0001\000\040\000Z\000y}{subsection.6.5.1}% 60
\BOOKMARK [3][-]{subsubsection.6.5.1.12}{\376\377\0006\000.\0005\000.\0001\000.\0001\0002\000\040\000Z\000y\0002}{subsection.6.5.1}% 61
\BOOKMARK [1][-]{section.6.6}{\376\377\0006\000.\0006\000\040\000C\000o\000l\000o\000r\000I\000n\000f\000o\000\040\000S\000t\000r\000u\000c\000t\000\040\000R\000e\000f\000e\000r\000e\000n\000c\000e}{chapter.6}% 62
\BOOKMARK [2][-]{subsection.6.6.1}{\376\377\0006\000.\0006\000.\0001\000\040\000F\000i\000e\000l\000d\000\040\000D\000o\000c\000u\000m\000e\000n\000t\000a\000t\000i\000o\000n}{section.6.6}% 63
\BOOKMARK [3][-]{subsubsection.6.6.1.1}{\376\377\0006\000.\0006\000.\0001\000.\0001\000\040\000h\000e\000x}{subsection.6.6.1}% 64
\BOOKMARK [3][-]{subsubsection.6.6.1.2}{\376\377\0006\000.\0006\000.\0001\000.\0002\000\040\000n\000a\000m\000e}{subsection.6.6.1}% 65
\BOOKMARK [3][-]{subsubsection.6.6.1.3}{\376\377\0006\000.\0006\000.\0001\000.\0003\000\040\000r\000g\000b}{subsection.6.6.1}% 66
\BOOKMARK [1][-]{section.6.7}{\376\377\0006\000.\0007\000\040\000C\000o\000l\000o\000r\000L\000D\000B\000L\000\040\000S\000t\000r\000u\000c\000t\000\040\000R\000e\000f\000e\000r\000e\000n\000c\000e}{chapter.6}% 67
\BOOKMARK [2][-]{subsection.6.7.1}{\376\377\0006\000.\0007\000.\0001\000\040\000F\000i\000e\000l\000d\000\040\000D\000o\000c\000u\000m\000e\000n\000t\000a\000t\000i\000o\000n}{section.6.7}% 68
\BOOKMARK [3][-]{subsubsection.6.7.1.1}{\376\377\0006\000.\0007\000.\0001\000.\0001\000\040\000C}{subsection.6.7.1}% 69
\BOOKMARK [3][-]{subsubsection.6.7.1.2}{\376\377\0006\000.\0007\000.\0001\000.\0002\000\040\000c\000o\000l\000o\000r\000P\000o\000l\000y}{subsection.6.7.1}% 70
\BOOKMARK [3][-]{subsubsection.6.7.1.3}{\376\377\0006\000.\0007\000.\0001\000.\0003\000\040\000C\000x}{subsection.6.7.1}% 71
\BOOKMARK [3][-]{subsubsection.6.7.1.4}{\376\377\0006\000.\0007\000.\0001\000.\0004\000\040\000C\000y}{subsection.6.7.1}% 72
\BOOKMARK [3][-]{subsubsection.6.7.1.5}{\376\377\0006\000.\0007\000.\0001\000.\0005\000\040\000D\000i\000s\000t\000a\000n\000c\000e\000M\000a\000x}{subsection.6.7.1}% 73
\BOOKMARK [3][-]{subsubsection.6.7.1.6}{\376\377\0006\000.\0007\000.\0001\000.\0006\000\040\000E\000x\000p\000s}{subsection.6.7.1}% 74
\BOOKMARK [3][-]{subsubsection.6.7.1.7}{\376\377\0006\000.\0007\000.\0001\000.\0007\000\040\000n}{subsection.6.7.1}% 75
\BOOKMARK [3][-]{subsubsection.6.7.1.8}{\376\377\0006\000.\0007\000.\0001\000.\0008\000\040\000Z}{subsection.6.7.1}% 76
\BOOKMARK [3][-]{subsubsection.6.7.1.9}{\376\377\0006\000.\0007\000.\0001\000.\0009\000\040\000Z\000x}{subsection.6.7.1}% 77
\BOOKMARK [3][-]{subsubsection.6.7.1.10}{\376\377\0006\000.\0007\000.\0001\000.\0001\0000\000\040\000Z\000x\0002}{subsection.6.7.1}% 78
\BOOKMARK [3][-]{subsubsection.6.7.1.11}{\376\377\0006\000.\0007\000.\0001\000.\0001\0001\000\040\000Z\000y}{subsection.6.7.1}% 79
\BOOKMARK [3][-]{subsubsection.6.7.1.12}{\376\377\0006\000.\0007\000.\0001\000.\0001\0002\000\040\000Z\000y\0002}{subsection.6.7.1}% 80
\BOOKMARK [1][-]{section.6.8}{\376\377\0006\000.\0008\000\040\000e\000r\000r\000o\000r\000\040\000S\000t\000r\000u\000c\000t\000\040\000R\000e\000f\000e\000r\000e\000n\000c\000e}{chapter.6}% 81
\BOOKMARK [2][-]{subsection.6.8.1}{\376\377\0006\000.\0008\000.\0001\000\040\000F\000i\000e\000l\000d\000\040\000D\000o\000c\000u\000m\000e\000n\000t\000a\000t\000i\000o\000n}{section.6.8}% 82
\BOOKMARK [3][-]{subsubsection.6.8.1.1}{\376\377\0006\000.\0008\000.\0001\000.\0001\000\040\000j\000s\000o\000n}{subsection.6.8.1}% 83
\BOOKMARK [3][-]{subsubsection.6.8.1.2}{\376\377\0006\000.\0008\000.\0001\000.\0002\000\040\000p\000o\000s\000i\000t\000i\000o\000n}{subsection.6.8.1}% 84
\BOOKMARK [1][-]{section.6.9}{\376\377\0006\000.\0009\000\040\000H\000S\000V\000\040\000S\000t\000r\000u\000c\000t\000\040\000R\000e\000f\000e\000r\000e\000n\000c\000e}{chapter.6}% 85
\BOOKMARK [2][-]{subsection.6.9.1}{\376\377\0006\000.\0009\000.\0001\000\040\000F\000i\000e\000l\000d\000\040\000D\000o\000c\000u\000m\000e\000n\000t\000a\000t\000i\000o\000n}{section.6.9}% 86
\BOOKMARK [3][-]{subsubsection.6.9.1.1}{\376\377\0006\000.\0009\000.\0001\000.\0001\000\040\000H}{subsection.6.9.1}% 87
\BOOKMARK [3][-]{subsubsection.6.9.1.2}{\376\377\0006\000.\0009\000.\0001\000.\0002\000\040\000S}{subsection.6.9.1}% 88
\BOOKMARK [3][-]{subsubsection.6.9.1.3}{\376\377\0006\000.\0009\000.\0001\000.\0003\000\040\000V}{subsection.6.9.1}% 89
\BOOKMARK [1][-]{section.6.10}{\376\377\0006\000.\0001\0000\000\040\000i\000n\000t\000e\000r\000n\000a\000l\000\137\000h\000o\000o\000k\000s\000\040\000S\000t\000r\000u\000c\000t\000\040\000R\000e\000f\000e\000r\000e\000n\000c\000e}{chapter.6}% 90
\BOOKMARK [1][-]{section.6.11}{\376\377\0006\000.\0001\0001\000\040\000p\000a\000r\000s\000e\000\137\000b\000u\000f\000f\000e\000r\000\040\000S\000t\000r\000u\000c\000t\000\040\000R\000e\000f\000e\000r\000e\000n\000c\000e}{chapter.6}% 91
\BOOKMARK [2][-]{subsection.6.11.1}{\376\377\0006\000.\0001\0001\000.\0001\000\040\000F\000i\000e\000l\000d\000\040\000D\000o\000c\000u\000m\000e\000n\000t\000a\000t\000i\000o\000n}{section.6.11}% 92
\BOOKMARK [3][-]{subsubsection.6.11.1.1}{\376\377\0006\000.\0001\0001\000.\0001\000.\0001\000\040\000c\000o\000n\000t\000e\000n\000t}{subsection.6.11.1}% 93
\BOOKMARK [3][-]{subsubsection.6.11.1.2}{\376\377\0006\000.\0001\0001\000.\0001\000.\0002\000\040\000d\000e\000p\000t\000h}{subsection.6.11.1}% 94
\BOOKMARK [3][-]{subsubsection.6.11.1.3}{\376\377\0006\000.\0001\0001\000.\0001\000.\0003\000\040\000h\000o\000o\000k\000s}{subsection.6.11.1}% 95
\BOOKMARK [3][-]{subsubsection.6.11.1.4}{\376\377\0006\000.\0001\0001\000.\0001\000.\0004\000\040\000l\000e\000n\000g\000t\000h}{subsection.6.11.1}% 96
\BOOKMARK [3][-]{subsubsection.6.11.1.5}{\376\377\0006\000.\0001\0001\000.\0001\000.\0005\000\040\000o\000f\000f\000s\000e\000t}{subsection.6.11.1}% 97
\BOOKMARK [1][-]{section.6.12}{\376\377\0006\000.\0001\0002\000\040\000p\000r\000i\000n\000t\000b\000u\000f\000f\000e\000r\000\040\000S\000t\000r\000u\000c\000t\000\040\000R\000e\000f\000e\000r\000e\000n\000c\000e}{chapter.6}% 98
\BOOKMARK [2][-]{subsection.6.12.1}{\376\377\0006\000.\0001\0002\000.\0001\000\040\000F\000i\000e\000l\000d\000\040\000D\000o\000c\000u\000m\000e\000n\000t\000a\000t\000i\000o\000n}{section.6.12}% 99
\BOOKMARK [3][-]{subsubsection.6.12.1.1}{\376\377\0006\000.\0001\0002\000.\0001\000.\0001\000\040\000b\000u\000f\000f\000e\000r}{subsection.6.12.1}% 100
\BOOKMARK [3][-]{subsubsection.6.12.1.2}{\376\377\0006\000.\0001\0002\000.\0001\000.\0002\000\040\000d\000e\000p\000t\000h}{subsection.6.12.1}% 101
\BOOKMARK [3][-]{subsubsection.6.12.1.3}{\376\377\0006\000.\0001\0002\000.\0001\000.\0003\000\040\000f\000o\000r\000m\000a\000t}{subsection.6.12.1}% 102
\BOOKMARK [3][-]{subsubsection.6.12.1.4}{\376\377\0006\000.\0001\0002\000.\0001\000.\0004\000\040\000h\000o\000o\000k\000s}{subsection.6.12.1}% 103
\BOOKMARK [3][-]{subsubsection.6.12.1.5}{\376\377\0006\000.\0001\0002\000.\0001\000.\0005\000\040\000l\000e\000n\000g\000t\000h}{subsection.6.12.1}% 104
\BOOKMARK [3][-]{subsubsection.6.12.1.6}{\376\377\0006\000.\0001\0002\000.\0001\000.\0006\000\040\000n\000o\000a\000l\000l\000o\000c}{subsection.6.12.1}% 105
\BOOKMARK [3][-]{subsubsection.6.12.1.7}{\376\377\0006\000.\0001\0002\000.\0001\000.\0007\000\040\000o\000f\000f\000s\000e\000t}{subsection.6.12.1}% 106
\BOOKMARK [0][-]{chapter.7}{\376\377\0007\000\040\000F\000i\000l\000e\000\040\000D\000o\000c\000u\000m\000e\000n\000t\000a\000t\000i\000o\000n}{}% 107
\BOOKMARK [1][-]{section.7.1}{\376\377\0007\000.\0001\000\040\000c\000n\000a\000m\000e\000s\000.\000c\000\040\000F\000i\000l\000e\000\040\000R\000e\000f\000e\000r\000e\000n\000c\000e}{chapter.7}% 108
\BOOKMARK [2][-]{subsection.7.1.1}{\376\377\0007\000.\0001\000.\0001\000\040\000D\000e\000t\000a\000i\000l\000e\000d\000\040\000D\000e\000s\000c\000r\000i\000p\000t\000i\000o\000n}{section.7.1}% 109
\BOOKMARK [2][-]{subsection.7.1.2}{\376\377\0007\000.\0001\000.\0002\000\040\000D\000E\000S\000C\000R\000I\000P\000T\000I\000O\000N}{section.7.1}% 110
\BOOKMARK [2][-]{subsection.7.1.3}{\376\377\0007\000.\0001\000.\0003\000\040\000F\000u\000n\000c\000t\000i\000o\000n\000\040\000D\000o\000c\000u\000m\000e\000n\000t\000a\000t\000i\000o\000n}{section.7.1}% 111
\BOOKMARK [3][-]{subsubsection.7.1.3.1}{\376\377\0007\000.\0001\000.\0003\000.\0001\000\040\000R\000g\000b\000E\000Q\000\050\000\051}{subsection.7.1.3}% 112
\BOOKMARK [3][-]{subsubsection.7.1.3.2}{\376\377\0007\000.\0001\000.\0003\000.\0002\000\040\000R\000g\000b\000N\000a\000m\000e\000\050\000\051}{subsection.7.1.3}% 113
\BOOKMARK [3][-]{subsubsection.7.1.3.3}{\376\377\0007\000.\0001\000.\0003\000.\0003\000\040\000R\000g\000b\000N\000E\000\050\000\051}{subsection.7.1.3}% 114
\BOOKMARK [3][-]{subsubsection.7.1.3.4}{\376\377\0007\000.\0001\000.\0003\000.\0004\000\040\000s\000t\000r\0002\000R\000g\000b\000\050\000\051}{subsection.7.1.3}% 115
\BOOKMARK [1][-]{section.7.2}{\376\377\0007\000.\0002\000\040\000d\000i\000c\000t\000i\000o\000n\000a\000r\000y\000.\000c\000\040\000F\000i\000l\000e\000\040\000R\000e\000f\000e\000r\000e\000n\000c\000e}{chapter.7}% 116
\BOOKMARK [2][-]{subsection.7.2.1}{\376\377\0007\000.\0002\000.\0001\000\040\000D\000e\000t\000a\000i\000l\000e\000d\000\040\000D\000e\000s\000c\000r\000i\000p\000t\000i\000o\000n}{section.7.2}% 117
\BOOKMARK [2][-]{subsection.7.2.2}{\376\377\0007\000.\0002\000.\0002\000\040\000M\000a\000c\000r\000o\000\040\000D\000e\000f\000i\000n\000i\000t\000i\000o\000n\000\040\000D\000o\000c\000u\000m\000e\000n\000t\000a\000t\000i\000o\000n}{section.7.2}% 118
\BOOKMARK [3][-]{subsubsection.7.2.2.1}{\376\377\0007\000.\0002\000.\0002\000.\0001\000\040\000D\000I\000C\000T\000\137\000I\000N\000V\000A\000L\000I\000D\000\137\000K\000E\000Y}{subsection.7.2.2}% 119
\BOOKMARK [3][-]{subsubsection.7.2.2.2}{\376\377\0007\000.\0002\000.\0002\000.\0002\000\040\000D\000I\000C\000T\000M\000I\000N\000S\000Z}{subsection.7.2.2}% 120
\BOOKMARK [3][-]{subsubsection.7.2.2.3}{\376\377\0007\000.\0002\000.\0002\000.\0003\000\040\000M\000A\000X\000V\000A\000L\000S\000Z}{subsection.7.2.2}% 121
\BOOKMARK [2][-]{subsection.7.2.3}{\376\377\0007\000.\0002\000.\0003\000\040\000F\000u\000n\000c\000t\000i\000o\000n\000\040\000D\000o\000c\000u\000m\000e\000n\000t\000a\000t\000i\000o\000n}{section.7.2}% 122
\BOOKMARK [3][-]{subsubsection.7.2.3.1}{\376\377\0007\000.\0002\000.\0003\000.\0001\000\040\000d\000i\000c\000t\000i\000o\000n\000a\000r\000y\000\137\000d\000e\000l\000\050\000\051}{subsection.7.2.3}% 123
\BOOKMARK [3][-]{subsubsection.7.2.3.2}{\376\377\0007\000.\0002\000.\0003\000.\0002\000\040\000d\000i\000c\000t\000i\000o\000n\000a\000r\000y\000\137\000d\000u\000m\000p\000\050\000\051}{subsection.7.2.3}% 124
\BOOKMARK [3][-]{subsubsection.7.2.3.3}{\376\377\0007\000.\0002\000.\0003\000.\0003\000\040\000d\000i\000c\000t\000i\000o\000n\000a\000r\000y\000\137\000g\000e\000t\000\050\000\051}{subsection.7.2.3}% 125
\BOOKMARK [3][-]{subsubsection.7.2.3.4}{\376\377\0007\000.\0002\000.\0003\000.\0004\000\040\000d\000i\000c\000t\000i\000o\000n\000a\000r\000y\000\137\000h\000a\000s\000h\000\050\000\051}{subsection.7.2.3}% 126
\BOOKMARK [3][-]{subsubsection.7.2.3.5}{\376\377\0007\000.\0002\000.\0003\000.\0005\000\040\000d\000i\000c\000t\000i\000o\000n\000a\000r\000y\000\137\000n\000e\000w\000\050\000\051}{subsection.7.2.3}% 127
\BOOKMARK [3][-]{subsubsection.7.2.3.6}{\376\377\0007\000.\0002\000.\0003\000.\0006\000\040\000d\000i\000c\000t\000i\000o\000n\000a\000r\000y\000\137\000s\000e\000t\000\050\000\051}{subsection.7.2.3}% 128
\BOOKMARK [3][-]{subsubsection.7.2.3.7}{\376\377\0007\000.\0002\000.\0003\000.\0007\000\040\000d\000i\000c\000t\000i\000o\000n\000a\000r\000y\000\137\000u\000n\000s\000e\000t\000\050\000\051}{subsection.7.2.3}% 129
\BOOKMARK [1][-]{section.7.3}{\376\377\0007\000.\0003\000\040\000d\000i\000c\000t\000i\000o\000n\000a\000r\000y\000.\000h\000\040\000F\000i\000l\000e\000\040\000R\000e\000f\000e\000r\000e\000n\000c\000e}{chapter.7}% 130
\BOOKMARK [2][-]{subsection.7.3.1}{\376\377\0007\000.\0003\000.\0001\000\040\000D\000e\000t\000a\000i\000l\000e\000d\000\040\000D\000e\000s\000c\000r\000i\000p\000t\000i\000o\000n}{section.7.3}% 131
\BOOKMARK [2][-]{subsection.7.3.2}{\376\377\0007\000.\0003\000.\0002\000\040\000D\000a\000t\000a\000\040\000S\000t\000r\000u\000c\000t\000u\000r\000e\000\040\000D\000o\000c\000u\000m\000e\000n\000t\000a\000t\000i\000o\000n}{section.7.3}% 132
\BOOKMARK [3][-]{subsubsection.7.3.2.1}{\376\377\0007\000.\0003\000.\0002\000.\0001\000\040\000s\000t\000r\000u\000c\000t\000\040\000d\000i\000c\000t\000i\000o\000n\000a\000r\000y}{subsection.7.3.2}% 133
\BOOKMARK [2][-]{subsection.7.3.3}{\376\377\0007\000.\0003\000.\0003\000\040\000F\000u\000n\000c\000t\000i\000o\000n\000\040\000D\000o\000c\000u\000m\000e\000n\000t\000a\000t\000i\000o\000n}{section.7.3}% 134
\BOOKMARK [3][-]{subsubsection.7.3.3.1}{\376\377\0007\000.\0003\000.\0003\000.\0001\000\040\000d\000i\000c\000t\000i\000o\000n\000a\000r\000y\000\137\000d\000e\000l\000\050\000\051}{subsection.7.3.3}% 135
\BOOKMARK [3][-]{subsubsection.7.3.3.2}{\376\377\0007\000.\0003\000.\0003\000.\0002\000\040\000d\000i\000c\000t\000i\000o\000n\000a\000r\000y\000\137\000d\000u\000m\000p\000\050\000\051}{subsection.7.3.3}% 136
\BOOKMARK [3][-]{subsubsection.7.3.3.3}{\376\377\0007\000.\0003\000.\0003\000.\0003\000\040\000d\000i\000c\000t\000i\000o\000n\000a\000r\000y\000\137\000g\000e\000t\000\050\000\051}{subsection.7.3.3}% 137
\BOOKMARK [3][-]{subsubsection.7.3.3.4}{\376\377\0007\000.\0003\000.\0003\000.\0004\000\040\000d\000i\000c\000t\000i\000o\000n\000a\000r\000y\000\137\000h\000a\000s\000h\000\050\000\051}{subsection.7.3.3}% 138
\BOOKMARK [3][-]{subsubsection.7.3.3.5}{\376\377\0007\000.\0003\000.\0003\000.\0005\000\040\000d\000i\000c\000t\000i\000o\000n\000a\000r\000y\000\137\000n\000e\000w\000\050\000\051}{subsection.7.3.3}% 139
\BOOKMARK [3][-]{subsubsection.7.3.3.6}{\376\377\0007\000.\0003\000.\0003\000.\0006\000\040\000d\000i\000c\000t\000i\000o\000n\000a\000r\000y\000\137\000s\000e\000t\000\050\000\051}{subsection.7.3.3}% 140
\BOOKMARK [3][-]{subsubsection.7.3.3.7}{\376\377\0007\000.\0003\000.\0003\000.\0007\000\040\000d\000i\000c\000t\000i\000o\000n\000a\000r\000y\000\137\000u\000n\000s\000e\000t\000\050\000\051}{subsection.7.3.3}% 141
\BOOKMARK [1][-]{section.7.4}{\376\377\0007\000.\0004\000\040\000e\000l\000a\000p\000s\000e\000d\000.\000c\000\040\000F\000i\000l\000e\000\040\000R\000e\000f\000e\000r\000e\000n\000c\000e}{chapter.7}% 142
\BOOKMARK [2][-]{subsection.7.4.1}{\376\377\0007\000.\0004\000.\0001\000\040\000D\000e\000t\000a\000i\000l\000e\000d\000\040\000D\000e\000s\000c\000r\000i\000p\000t\000i\000o\000n}{section.7.4}% 143
\BOOKMARK [1][-]{section.7.5}{\376\377\0007\000.\0005\000\040\000g\000e\000t\000o\000p\000t\000.\000c\000\040\000F\000i\000l\000e\000\040\000R\000e\000f\000e\000r\000e\000n\000c\000e}{chapter.7}% 144
\BOOKMARK [2][-]{subsection.7.5.1}{\376\377\0007\000.\0005\000.\0001\000\040\000D\000e\000t\000a\000i\000l\000e\000d\000\040\000D\000e\000s\000c\000r\000i\000p\000t\000i\000o\000n}{section.7.5}% 145
\BOOKMARK [1][-]{section.7.6}{\376\377\0007\000.\0006\000\040\000g\000e\000t\000o\000p\000t\000.\000h\000\040\000F\000i\000l\000e\000\040\000R\000e\000f\000e\000r\000e\000n\000c\000e}{chapter.7}% 146
\BOOKMARK [2][-]{subsection.7.6.1}{\376\377\0007\000.\0006\000.\0001\000\040\000D\000e\000t\000a\000i\000l\000e\000d\000\040\000D\000e\000s\000c\000r\000i\000p\000t\000i\000o\000n}{section.7.6}% 147
\BOOKMARK [2][-]{subsection.7.6.2}{\376\377\0007\000.\0006\000.\0002\000\040\000D\000E\000S\000C\000R\000I\000P\000T\000I\000O\000N}{section.7.6}% 148
\BOOKMARK [2][-]{subsection.7.6.3}{\376\377\0007\000.\0006\000.\0003\000\040\000D\000a\000t\000a\000\040\000S\000t\000r\000u\000c\000t\000u\000r\000e\000\040\000D\000o\000c\000u\000m\000e\000n\000t\000a\000t\000i\000o\000n}{section.7.6}% 149
\BOOKMARK [3][-]{subsubsection.7.6.3.1}{\376\377\0007\000.\0006\000.\0003\000.\0001\000\040\000s\000t\000r\000u\000c\000t\000\040\000P\000a\000r\000a\000m\000e\000t\000e\000r\000s}{subsection.7.6.3}% 150
\BOOKMARK [1][-]{section.7.7}{\376\377\0007\000.\0007\000\040\000i\000n\000i\000p\000a\000r\000s\000e\000r\000.\000c\000\040\000F\000i\000l\000e\000\040\000R\000e\000f\000e\000r\000e\000n\000c\000e}{chapter.7}% 151
\BOOKMARK [2][-]{subsection.7.7.1}{\376\377\0007\000.\0007\000.\0001\000\040\000D\000e\000t\000a\000i\000l\000e\000d\000\040\000D\000e\000s\000c\000r\000i\000p\000t\000i\000o\000n}{section.7.7}% 152
\BOOKMARK [2][-]{subsection.7.7.2}{\376\377\0007\000.\0007\000.\0002\000\040\000E\000n\000u\000m\000e\000r\000a\000t\000i\000o\000n\000\040\000T\000y\000p\000e\000\040\000D\000o\000c\000u\000m\000e\000n\000t\000a\000t\000i\000o\000n}{section.7.7}% 153
\BOOKMARK [3][-]{subsubsection.7.7.2.1}{\376\377\0007\000.\0007\000.\0002\000.\0001\000\040\000l\000i\000n\000e\000\137\000s\000t\000a\000t\000u\000s}{subsection.7.7.2}% 154
\BOOKMARK [2][-]{subsection.7.7.3}{\376\377\0007\000.\0007\000.\0003\000\040\000F\000u\000n\000c\000t\000i\000o\000n\000\040\000D\000o\000c\000u\000m\000e\000n\000t\000a\000t\000i\000o\000n}{section.7.7}% 155
\BOOKMARK [3][-]{subsubsection.7.7.3.1}{\376\377\0007\000.\0007\000.\0003\000.\0001\000\040\000i\000n\000i\000p\000a\000r\000s\000e\000r\000\137\000d\000u\000m\000p\000\050\000\051}{subsection.7.7.3}% 156
\BOOKMARK [3][-]{subsubsection.7.7.3.2}{\376\377\0007\000.\0007\000.\0003\000.\0002\000\040\000i\000n\000i\000p\000a\000r\000s\000e\000r\000\137\000d\000u\000m\000p\000\137\000i\000n\000i\000\050\000\051}{subsection.7.7.3}% 157
\BOOKMARK [3][-]{subsubsection.7.7.3.3}{\376\377\0007\000.\0007\000.\0003\000.\0003\000\040\000i\000n\000i\000p\000a\000r\000s\000e\000r\000\137\000d\000u\000m\000p\000s\000e\000c\000t\000i\000o\000n\000\137\000i\000n\000i\000\050\000\051}{subsection.7.7.3}% 158
\BOOKMARK [3][-]{subsubsection.7.7.3.4}{\376\377\0007\000.\0007\000.\0003\000.\0004\000\040\000i\000n\000i\000p\000a\000r\000s\000e\000r\000\137\000f\000i\000n\000d\000\137\000e\000n\000t\000r\000y\000\050\000\051}{subsection.7.7.3}% 159
\BOOKMARK [3][-]{subsubsection.7.7.3.5}{\376\377\0007\000.\0007\000.\0003\000.\0005\000\040\000i\000n\000i\000p\000a\000r\000s\000e\000r\000\137\000f\000r\000e\000e\000d\000i\000c\000t\000\050\000\051}{subsection.7.7.3}% 160
\BOOKMARK [3][-]{subsubsection.7.7.3.6}{\376\377\0007\000.\0007\000.\0003\000.\0006\000\040\000i\000n\000i\000p\000a\000r\000s\000e\000r\000\137\000g\000e\000t\000b\000o\000o\000l\000e\000a\000n\000\050\000\051}{subsection.7.7.3}% 161
\BOOKMARK [3][-]{subsubsection.7.7.3.7}{\376\377\0007\000.\0007\000.\0003\000.\0007\000\040\000i\000n\000i\000p\000a\000r\000s\000e\000r\000\137\000g\000e\000t\000d\000o\000u\000b\000l\000e\000\050\000\051}{subsection.7.7.3}% 162
\BOOKMARK [3][-]{subsubsection.7.7.3.8}{\376\377\0007\000.\0007\000.\0003\000.\0008\000\040\000i\000n\000i\000p\000a\000r\000s\000e\000r\000\137\000g\000e\000t\000i\000n\000t\000\050\000\051}{subsection.7.7.3}% 163
\BOOKMARK [3][-]{subsubsection.7.7.3.9}{\376\377\0007\000.\0007\000.\0003\000.\0009\000\040\000i\000n\000i\000p\000a\000r\000s\000e\000r\000\137\000g\000e\000t\000l\000o\000n\000g\000d\000o\000u\000b\000l\000e\000\050\000\051}{subsection.7.7.3}% 164
\BOOKMARK [3][-]{subsubsection.7.7.3.10}{\376\377\0007\000.\0007\000.\0003\000.\0001\0000\000\040\000i\000n\000i\000p\000a\000r\000s\000e\000r\000\137\000g\000e\000t\000l\000o\000n\000g\000i\000n\000t\000\050\000\051}{subsection.7.7.3}% 165
\BOOKMARK [3][-]{subsubsection.7.7.3.11}{\376\377\0007\000.\0007\000.\0003\000.\0001\0001\000\040\000i\000n\000i\000p\000a\000r\000s\000e\000r\000\137\000g\000e\000t\000n\000s\000e\000c\000\050\000\051}{subsection.7.7.3}% 166
\BOOKMARK [3][-]{subsubsection.7.7.3.12}{\376\377\0007\000.\0007\000.\0003\000.\0001\0002\000\040\000i\000n\000i\000p\000a\000r\000s\000e\000r\000\137\000g\000e\000t\000s\000e\000c\000k\000e\000y\000s\000\050\000\051}{subsection.7.7.3}% 167
\BOOKMARK [3][-]{subsubsection.7.7.3.13}{\376\377\0007\000.\0007\000.\0003\000.\0001\0003\000\040\000i\000n\000i\000p\000a\000r\000s\000e\000r\000\137\000g\000e\000t\000s\000e\000c\000n\000a\000m\000e\000\050\000\051}{subsection.7.7.3}% 168
\BOOKMARK [3][-]{subsubsection.7.7.3.14}{\376\377\0007\000.\0007\000.\0003\000.\0001\0004\000\040\000i\000n\000i\000p\000a\000r\000s\000e\000r\000\137\000g\000e\000t\000s\000e\000c\000n\000k\000e\000y\000s\000\050\000\051}{subsection.7.7.3}% 169
\BOOKMARK [3][-]{subsubsection.7.7.3.15}{\376\377\0007\000.\0007\000.\0003\000.\0001\0005\000\040\000i\000n\000i\000p\000a\000r\000s\000e\000r\000\137\000g\000e\000t\000s\000t\000r\000i\000n\000g\000\050\000\051}{subsection.7.7.3}% 170
\BOOKMARK [3][-]{subsubsection.7.7.3.16}{\376\377\0007\000.\0007\000.\0003\000.\0001\0006\000\040\000i\000n\000i\000p\000a\000r\000s\000e\000r\000\137\000l\000o\000a\000d\000\050\000\051}{subsection.7.7.3}% 171
\BOOKMARK [3][-]{subsubsection.7.7.3.17}{\376\377\0007\000.\0007\000.\0003\000.\0001\0007\000\040\000i\000n\000i\000p\000a\000r\000s\000e\000r\000\137\000s\000e\000t\000\050\000\051}{subsection.7.7.3}% 172
\BOOKMARK [3][-]{subsubsection.7.7.3.18}{\376\377\0007\000.\0007\000.\0003\000.\0001\0008\000\040\000i\000n\000i\000p\000a\000r\000s\000e\000r\000\137\000u\000n\000s\000e\000t\000\050\000\051}{subsection.7.7.3}% 173
\BOOKMARK [1][-]{section.7.8}{\376\377\0007\000.\0008\000\040\000i\000n\000i\000p\000a\000r\000s\000e\000r\000.\000h\000\040\000F\000i\000l\000e\000\040\000R\000e\000f\000e\000r\000e\000n\000c\000e}{chapter.7}% 174
\BOOKMARK [2][-]{subsection.7.8.1}{\376\377\0007\000.\0008\000.\0001\000\040\000D\000e\000t\000a\000i\000l\000e\000d\000\040\000D\000e\000s\000c\000r\000i\000p\000t\000i\000o\000n}{section.7.8}% 175
\BOOKMARK [2][-]{subsection.7.8.2}{\376\377\0007\000.\0008\000.\0002\000\040\000F\000u\000n\000c\000t\000i\000o\000n\000\040\000D\000o\000c\000u\000m\000e\000n\000t\000a\000t\000i\000o\000n}{section.7.8}% 176
\BOOKMARK [3][-]{subsubsection.7.8.2.1}{\376\377\0007\000.\0008\000.\0002\000.\0001\000\040\000i\000n\000i\000p\000a\000r\000s\000e\000r\000\137\000d\000u\000m\000p\000\050\000\051}{subsection.7.8.2}% 177
\BOOKMARK [3][-]{subsubsection.7.8.2.2}{\376\377\0007\000.\0008\000.\0002\000.\0002\000\040\000i\000n\000i\000p\000a\000r\000s\000e\000r\000\137\000d\000u\000m\000p\000\137\000i\000n\000i\000\050\000\051}{subsection.7.8.2}% 178
\BOOKMARK [3][-]{subsubsection.7.8.2.3}{\376\377\0007\000.\0008\000.\0002\000.\0003\000\040\000i\000n\000i\000p\000a\000r\000s\000e\000r\000\137\000d\000u\000m\000p\000s\000e\000c\000t\000i\000o\000n\000\137\000i\000n\000i\000\050\000\051}{subsection.7.8.2}% 179
\BOOKMARK [3][-]{subsubsection.7.8.2.4}{\376\377\0007\000.\0008\000.\0002\000.\0004\000\040\000i\000n\000i\000p\000a\000r\000s\000e\000r\000\137\000f\000i\000n\000d\000\137\000e\000n\000t\000r\000y\000\050\000\051}{subsection.7.8.2}% 180
\BOOKMARK [3][-]{subsubsection.7.8.2.5}{\376\377\0007\000.\0008\000.\0002\000.\0005\000\040\000i\000n\000i\000p\000a\000r\000s\000e\000r\000\137\000f\000r\000e\000e\000d\000i\000c\000t\000\050\000\051}{subsection.7.8.2}% 181
\BOOKMARK [3][-]{subsubsection.7.8.2.6}{\376\377\0007\000.\0008\000.\0002\000.\0006\000\040\000i\000n\000i\000p\000a\000r\000s\000e\000r\000\137\000g\000e\000t\000b\000o\000o\000l\000e\000a\000n\000\050\000\051}{subsection.7.8.2}% 182
\BOOKMARK [3][-]{subsubsection.7.8.2.7}{\376\377\0007\000.\0008\000.\0002\000.\0007\000\040\000i\000n\000i\000p\000a\000r\000s\000e\000r\000\137\000g\000e\000t\000d\000o\000u\000b\000l\000e\000\050\000\051}{subsection.7.8.2}% 183
\BOOKMARK [3][-]{subsubsection.7.8.2.8}{\376\377\0007\000.\0008\000.\0002\000.\0008\000\040\000i\000n\000i\000p\000a\000r\000s\000e\000r\000\137\000g\000e\000t\000i\000n\000t\000\050\000\051}{subsection.7.8.2}% 184
\BOOKMARK [3][-]{subsubsection.7.8.2.9}{\376\377\0007\000.\0008\000.\0002\000.\0009\000\040\000i\000n\000i\000p\000a\000r\000s\000e\000r\000\137\000g\000e\000t\000l\000o\000n\000g\000d\000o\000u\000b\000l\000e\000\050\000\051}{subsection.7.8.2}% 185
\BOOKMARK [3][-]{subsubsection.7.8.2.10}{\376\377\0007\000.\0008\000.\0002\000.\0001\0000\000\040\000i\000n\000i\000p\000a\000r\000s\000e\000r\000\137\000g\000e\000t\000l\000o\000n\000g\000i\000n\000t\000\050\000\051}{subsection.7.8.2}% 186
\BOOKMARK [3][-]{subsubsection.7.8.2.11}{\376\377\0007\000.\0008\000.\0002\000.\0001\0001\000\040\000i\000n\000i\000p\000a\000r\000s\000e\000r\000\137\000g\000e\000t\000n\000s\000e\000c\000\050\000\051}{subsection.7.8.2}% 187
\BOOKMARK [3][-]{subsubsection.7.8.2.12}{\376\377\0007\000.\0008\000.\0002\000.\0001\0002\000\040\000i\000n\000i\000p\000a\000r\000s\000e\000r\000\137\000g\000e\000t\000s\000e\000c\000k\000e\000y\000s\000\050\000\051}{subsection.7.8.2}% 188
\BOOKMARK [3][-]{subsubsection.7.8.2.13}{\376\377\0007\000.\0008\000.\0002\000.\0001\0003\000\040\000i\000n\000i\000p\000a\000r\000s\000e\000r\000\137\000g\000e\000t\000s\000e\000c\000n\000a\000m\000e\000\050\000\051}{subsection.7.8.2}% 189
\BOOKMARK [3][-]{subsubsection.7.8.2.14}{\376\377\0007\000.\0008\000.\0002\000.\0001\0004\000\040\000i\000n\000i\000p\000a\000r\000s\000e\000r\000\137\000g\000e\000t\000s\000e\000c\000n\000k\000e\000y\000s\000\050\000\051}{subsection.7.8.2}% 190
\BOOKMARK [3][-]{subsubsection.7.8.2.15}{\376\377\0007\000.\0008\000.\0002\000.\0001\0005\000\040\000i\000n\000i\000p\000a\000r\000s\000e\000r\000\137\000g\000e\000t\000s\000t\000r\000i\000n\000g\000\050\000\051}{subsection.7.8.2}% 191
\BOOKMARK [3][-]{subsubsection.7.8.2.16}{\376\377\0007\000.\0008\000.\0002\000.\0001\0006\000\040\000i\000n\000i\000p\000a\000r\000s\000e\000r\000\137\000l\000o\000a\000d\000\050\000\051}{subsection.7.8.2}% 192
\BOOKMARK [3][-]{subsubsection.7.8.2.17}{\376\377\0007\000.\0008\000.\0002\000.\0001\0007\000\040\000i\000n\000i\000p\000a\000r\000s\000e\000r\000\137\000s\000e\000t\000\050\000\051}{subsection.7.8.2}% 193
\BOOKMARK [3][-]{subsubsection.7.8.2.18}{\376\377\0007\000.\0008\000.\0002\000.\0001\0008\000\040\000i\000n\000i\000p\000a\000r\000s\000e\000r\000\137\000s\000e\000t\000\137\000e\000r\000r\000o\000r\000\137\000c\000a\000l\000l\000b\000a\000c\000k\000\050\000\051}{subsection.7.8.2}% 194
\BOOKMARK [3][-]{subsubsection.7.8.2.19}{\376\377\0007\000.\0008\000.\0002\000.\0001\0009\000\040\000i\000n\000i\000p\000a\000r\000s\000e\000r\000\137\000u\000n\000s\000e\000t\000\050\000\051}{subsection.7.8.2}% 195
\BOOKMARK [1][-]{section.7.9}{\376\377\0007\000.\0009\000\040\000p\000a\000l\000e\000t\000t\000e\000.\000c\000\040\000F\000i\000l\000e\000\040\000R\000e\000f\000e\000r\000e\000n\000c\000e}{chapter.7}% 196
\BOOKMARK [2][-]{subsection.7.9.1}{\376\377\0007\000.\0009\000.\0001\000\040\000D\000e\000t\000a\000i\000l\000e\000d\000\040\000D\000e\000s\000c\000r\000i\000p\000t\000i\000o\000n}{section.7.9}% 197
\BOOKMARK [2][-]{subsection.7.9.2}{\376\377\0007\000.\0009\000.\0002\000\040\000D\000E\000S\000C\000R\000I\000P\000T\000I\000O\000N}{section.7.9}% 198
\BOOKMARK [2][-]{subsection.7.9.3}{\376\377\0007\000.\0009\000.\0003\000\040\000F\000u\000n\000c\000t\000i\000o\000n\000\040\000D\000o\000c\000u\000m\000e\000n\000t\000a\000t\000i\000o\000n}{section.7.9}% 199
\BOOKMARK [3][-]{subsubsection.7.9.3.1}{\376\377\0007\000.\0009\000.\0003\000.\0001\000\040\000a\000p\000p\000e\000n\000d\000C\000o\000l\000o\000r\000s\000\050\000\051}{subsection.7.9.3}% 200
\BOOKMARK [3][-]{subsubsection.7.9.3.2}{\376\377\0007\000.\0009\000.\0003\000.\0002\000\040\000b\000u\000i\000l\000d\000C\000o\000l\000o\000r\000s\000\050\000\051}{subsection.7.9.3}% 201
\BOOKMARK [3][-]{subsubsection.7.9.3.3}{\376\377\0007\000.\0009\000.\0003\000.\0003\000\040\000f\000r\000e\000e\000A\000r\000r\000a\000y\000\050\000\051}{subsection.7.9.3}% 202
\BOOKMARK [3][-]{subsubsection.7.9.3.4}{\376\377\0007\000.\0009\000.\0003\000.\0004\000\040\000f\000r\000o\000m\000S\000t\000a\000r\000t\0002\000F\000i\000n\000i\000s\000h\000\050\000\051}{subsection.7.9.3}% 203
\BOOKMARK [3][-]{subsubsection.7.9.3.5}{\376\377\0007\000.\0009\000.\0003\000.\0005\000\040\000g\000e\000t\000C\000o\000l\000o\000r\000s\000\050\000\051}{subsection.7.9.3}% 204
\BOOKMARK [3][-]{subsubsection.7.9.3.6}{\376\377\0007\000.\0009\000.\0003\000.\0006\000\040\000i\000n\000i\000t\000A\000r\000r\000a\000y\000\050\000\051}{subsection.7.9.3}% 205
\BOOKMARK [3][-]{subsubsection.7.9.3.7}{\376\377\0007\000.\0009\000.\0003\000.\0007\000\040\000i\000n\000s\000e\000r\000t\000A\000r\000r\000a\000y\000\050\000\051}{subsection.7.9.3}% 206
\BOOKMARK [3][-]{subsubsection.7.9.3.8}{\376\377\0007\000.\0009\000.\0003\000.\0008\000\040\000p\000a\000r\000s\000e\000R\000G\000B\000\050\000\051}{subsection.7.9.3}% 207
\BOOKMARK [3][-]{subsubsection.7.9.3.9}{\376\377\0007\000.\0009\000.\0003\000.\0009\000\040\000r\000e\000a\000d\000C\000o\000l\000o\000r\000s\000\050\000\051}{subsection.7.9.3}% 208
\BOOKMARK [3][-]{subsubsection.7.9.3.10}{\376\377\0007\000.\0009\000.\0003\000.\0001\0000\000\040\000s\000e\000t\000C\000o\000l\000o\000r\000s\000\050\000\051}{subsection.7.9.3}% 209
\BOOKMARK [3][-]{subsubsection.7.9.3.11}{\376\377\0007\000.\0009\000.\0003\000.\0001\0001\000\040\000w\000r\000i\000t\000e\000C\000o\000l\000o\000r\000s\000\050\000\051}{subsection.7.9.3}% 210
\BOOKMARK [1][-]{section.7.10}{\376\377\0007\000.\0001\0000\000\040\000p\000a\000l\000e\000t\000t\000e\000.\000h\000\040\000F\000i\000l\000e\000\040\000R\000e\000f\000e\000r\000e\000n\000c\000e}{chapter.7}% 211
\BOOKMARK [2][-]{subsection.7.10.1}{\376\377\0007\000.\0001\0000\000.\0001\000\040\000D\000e\000t\000a\000i\000l\000e\000d\000\040\000D\000e\000s\000c\000r\000i\000p\000t\000i\000o\000n}{section.7.10}% 212
\BOOKMARK [2][-]{subsection.7.10.2}{\376\377\0007\000.\0001\0000\000.\0002\000\040\000D\000E\000S\000C\000R\000I\000P\000T\000I\000O\000N}{section.7.10}% 213
\BOOKMARK [2][-]{subsection.7.10.3}{\376\377\0007\000.\0001\0000\000.\0003\000\040\000D\000a\000t\000a\000\040\000S\000t\000r\000u\000c\000t\000u\000r\000e\000\040\000D\000o\000c\000u\000m\000e\000n\000t\000a\000t\000i\000o\000n}{section.7.10}% 214
\BOOKMARK [3][-]{subsubsection.7.10.3.1}{\376\377\0007\000.\0001\0000\000.\0003\000.\0001\000\040\000s\000t\000r\000u\000c\000t\000\040\000R\000g\000b}{subsection.7.10.3}% 215
\BOOKMARK [3][-]{subsubsection.7.10.3.2}{\376\377\0007\000.\0001\0000\000.\0003\000.\0002\000\040\000s\000t\000r\000u\000c\000t\000\040\000A\000r\000r\000a\000y}{subsection.7.10.3}% 216
\BOOKMARK [2][-]{subsection.7.10.4}{\376\377\0007\000.\0001\0000\000.\0004\000\040\000F\000u\000n\000c\000t\000i\000o\000n\000\040\000D\000o\000c\000u\000m\000e\000n\000t\000a\000t\000i\000o\000n}{section.7.10}% 217
\BOOKMARK [3][-]{subsubsection.7.10.4.1}{\376\377\0007\000.\0001\0000\000.\0004\000.\0001\000\040\000a\000p\000p\000e\000n\000d\000C\000o\000l\000o\000r\000s\000\050\000\051}{subsection.7.10.4}% 218
\BOOKMARK [3][-]{subsubsection.7.10.4.2}{\376\377\0007\000.\0001\0000\000.\0004\000.\0002\000\040\000b\000u\000i\000l\000d\000C\000o\000l\000o\000r\000s\000\050\000\051}{subsection.7.10.4}% 219
\BOOKMARK [3][-]{subsubsection.7.10.4.3}{\376\377\0007\000.\0001\0000\000.\0004\000.\0003\000\040\000f\000r\000e\000e\000A\000r\000r\000a\000y\000\050\000\051}{subsection.7.10.4}% 220
\BOOKMARK [3][-]{subsubsection.7.10.4.4}{\376\377\0007\000.\0001\0000\000.\0004\000.\0004\000\040\000f\000r\000o\000m\000S\000t\000a\000r\000t\0002\000F\000i\000n\000i\000s\000h\000\050\000\051}{subsection.7.10.4}% 221
\BOOKMARK [3][-]{subsubsection.7.10.4.5}{\376\377\0007\000.\0001\0000\000.\0004\000.\0005\000\040\000g\000e\000t\000C\000o\000l\000o\000r\000s\000\050\000\051}{subsection.7.10.4}% 222
\BOOKMARK [3][-]{subsubsection.7.10.4.6}{\376\377\0007\000.\0001\0000\000.\0004\000.\0006\000\040\000i\000n\000i\000t\000A\000r\000r\000a\000y\000\050\000\051}{subsection.7.10.4}% 223
\BOOKMARK [3][-]{subsubsection.7.10.4.7}{\376\377\0007\000.\0001\0000\000.\0004\000.\0007\000\040\000i\000n\000s\000e\000r\000t\000A\000r\000r\000a\000y\000\050\000\051}{subsection.7.10.4}% 224
\BOOKMARK [3][-]{subsubsection.7.10.4.8}{\376\377\0007\000.\0001\0000\000.\0004\000.\0008\000\040\000p\000a\000r\000s\000e\000R\000G\000B\000\050\000\051}{subsection.7.10.4}% 225
\BOOKMARK [3][-]{subsubsection.7.10.4.9}{\376\377\0007\000.\0001\0000\000.\0004\000.\0009\000\040\000r\000e\000a\000d\000C\000o\000l\000o\000r\000s\000\050\000\051}{subsection.7.10.4}% 226
\BOOKMARK [3][-]{subsubsection.7.10.4.10}{\376\377\0007\000.\0001\0000\000.\0004\000.\0001\0000\000\040\000s\000e\000t\000C\000o\000l\000o\000r\000s\000\050\000\051}{subsection.7.10.4}% 227
\BOOKMARK [3][-]{subsubsection.7.10.4.11}{\376\377\0007\000.\0001\0000\000.\0004\000.\0001\0001\000\040\000w\000r\000i\000t\000e\000C\000o\000l\000o\000r\000s\000\050\000\051}{subsection.7.10.4}% 228
\BOOKMARK [1][-]{section.7.11}{\376\377\0007\000.\0001\0001\000\040\000u\000t\000i\000l\000.\000c\000\040\000F\000i\000l\000e\000\040\000R\000e\000f\000e\000r\000e\000n\000c\000e}{chapter.7}% 229
\BOOKMARK [2][-]{subsection.7.11.1}{\376\377\0007\000.\0001\0001\000.\0001\000\040\000D\000e\000t\000a\000i\000l\000e\000d\000\040\000D\000e\000s\000c\000r\000i\000p\000t\000i\000o\000n}{section.7.11}% 230
\BOOKMARK [2][-]{subsection.7.11.2}{\376\377\0007\000.\0001\0001\000.\0002\000\040\000F\000u\000n\000c\000t\000i\000o\000n\000\040\000D\000o\000c\000u\000m\000e\000n\000t\000a\000t\000i\000o\000n}{section.7.11}% 231
\BOOKMARK [3][-]{subsubsection.7.11.2.1}{\376\377\0007\000.\0001\0001\000.\0002\000.\0001\000\040\000g\000e\000t\000C\000l\000\050\000\051}{subsection.7.11.2}% 232
\BOOKMARK [1][-]{section.7.12}{\376\377\0007\000.\0001\0002\000\040\000u\000t\000i\000l\000.\000h\000\040\000F\000i\000l\000e\000\040\000R\000e\000f\000e\000r\000e\000n\000c\000e}{chapter.7}% 233
\BOOKMARK [2][-]{subsection.7.12.1}{\376\377\0007\000.\0001\0002\000.\0001\000\040\000D\000e\000t\000a\000i\000l\000e\000d\000\040\000D\000e\000s\000c\000r\000i\000p\000t\000i\000o\000n}{section.7.12}% 234
\BOOKMARK [2][-]{subsection.7.12.2}{\376\377\0007\000.\0001\0002\000.\0002\000\040\000D\000E\000S\000C\000R\000I\000P\000T\000I\000O\000N}{section.7.12}% 235
\BOOKMARK [2][-]{subsection.7.12.3}{\376\377\0007\000.\0001\0002\000.\0003\000\040\000M\000a\000c\000r\000o\000\040\000D\000e\000f\000i\000n\000i\000t\000i\000o\000n\000\040\000D\000o\000c\000u\000m\000e\000n\000t\000a\000t\000i\000o\000n}{section.7.12}% 236
\BOOKMARK [3][-]{subsubsection.7.12.3.1}{\376\377\0007\000.\0001\0002\000.\0003\000.\0001\000\040\000m\000a\000x}{subsection.7.12.3}% 237
\BOOKMARK [2][-]{subsection.7.12.4}{\376\377\0007\000.\0001\0002\000.\0004\000\040\000F\000u\000n\000c\000t\000i\000o\000n\000\040\000D\000o\000c\000u\000m\000e\000n\000t\000a\000t\000i\000o\000n}{section.7.12}% 238
\BOOKMARK [3][-]{subsubsection.7.12.4.1}{\376\377\0007\000.\0001\0002\000.\0004\000.\0001\000\040\000g\000e\000t\000C\000l\000\050\000\051}{subsection.7.12.4}% 239
\BOOKMARK [0][-]{section*.48}{\376\377\000I\000n\000d\000e\000x}{}% 240
