This is pdfTeX, Version 3.14159265-2.6-1.40.17 (MiKTeX 2.9.6100 64-bit) (preloaded format=pdflatex 2017.7.24)  12 AUG 2017 07:45
entering extended mode
**./refman.tex
(refman.tex
LaTeX2e <2016/03/31> patch level 3
Babel <3.9r> and hyphenation patterns for 75 language(s) loaded.
("C:\Program Files\MiKTeX 2.9\tex\latex\base\book.cls"
Document Class: book 2014/09/29 v1.4h Standard LaTeX document class
("C:\Program Files\MiKTeX 2.9\tex\latex\base\bk10.clo"
File: bk10.clo 2014/09/29 v1.4h Standard LaTeX file (size option)
)
\c@part=\count79
\c@chapter=\count80
\c@section=\count81
\c@subsection=\count82
\c@subsubsection=\count83
\c@paragraph=\count84
\c@subparagraph=\count85
\c@figure=\count86
\c@table=\count87
\abovecaptionskip=\skip41
\belowcaptionskip=\skip42
\bibindent=\dimen102
)
("C:\Program Files\MiKTeX 2.9\tex\latex\base\fixltx2e.sty"
Package: fixltx2e 2015/06/22 v2.0b fixes to LaTeX (obsolete)


Package fixltx2e Warning: fixltx2e is not required with releases after 2015
(fixltx2e)                All fixes are now in the LaTeX kernel.
(fixltx2e)                See the latexrelease package for details.

) ("C:\Program Files\MiKTeX 2.9\tex\latex\tools\calc.sty"
Package: calc 2014/10/28 v4.3 Infix arithmetic (KKT,FJ)
\calc@Acount=\count88
\calc@Bcount=\count89
\calc@Adimen=\dimen103
\calc@Bdimen=\dimen104
\calc@Askip=\skip43
\calc@Bskip=\skip44
LaTeX Info: Redefining \setlength on input line 80.
LaTeX Info: Redefining \addtolength on input line 81.
\calc@Ccount=\count90
\calc@Cskip=\skip45
) (doxygen.sty
Package: doxygen 

("C:\Program Files\MiKTeX 2.9\tex\latex\base\alltt.sty"
Package: alltt 1997/06/16 v2.0g defines alltt environment
)
("C:\Program Files\MiKTeX 2.9\tex\latex\tools\array.sty"
Package: array 2014/10/28 v2.4c Tabular extension package (FMi)
\col@sep=\dimen105
\extrarowheight=\dimen106
\NC@list=\toks14
\extratabsurround=\skip46
\backup@length=\skip47
)
("C:\Program Files\MiKTeX 2.9\tex\latex\float\float.sty"
Package: float 2001/11/08 v1.3d Float enhancements (AL)
\c@float@type=\count91
\float@exts=\toks15
\float@box=\box26
\@float@everytoks=\toks16
\@floatcapt=\box27
)
("C:\Program Files\MiKTeX 2.9\tex\latex\base\ifthen.sty"
Package: ifthen 2014/09/29 v1.1c Standard LaTeX ifthen package (DPC)
)
("C:\Program Files\MiKTeX 2.9\tex\latex\tools\verbatim.sty"
Package: verbatim 2014/10/28 v1.5q LaTeX2e package for verbatim enhancements
\every@verbatim=\toks17
\verbatim@line=\toks18
\verbatim@in@stream=\read1
)
(C:\Users\hsmyers\AppData\Roaming\MiKTeX\2.9\tex\latex\xcolor\xcolor.sty
Package: xcolor 2016/05/11 v2.12 LaTeX color extensions (UK)

("C:\Program Files\MiKTeX 2.9\tex\latex\graphics-cfg\color.cfg"
File: color.cfg 2016/01/02 v1.6 sample color configuration
)
Package xcolor Info: Driver file: pdftex.def on input line 225.

("C:\Program Files\MiKTeX 2.9\tex\latex\graphics-def\pdftex.def"
File: pdftex.def 2016/07/10 v0.06j Graphics/color for pdfTeX

("C:\Program Files\MiKTeX 2.9\tex\generic\oberdiek\infwarerr.sty"
Package: infwarerr 2016/05/16 v1.4 Providing info/warning/error messages (HO)
)
("C:\Program Files\MiKTeX 2.9\tex\generic\oberdiek\ltxcmds.sty"
Package: ltxcmds 2016/05/16 v1.23 LaTeX kernel commands for general use (HO)
)
\Gread@gobject=\count92
)
(C:\Users\hsmyers\AppData\Roaming\MiKTeX\2.9\tex\latex\colortbl\colortbl.sty
Package: colortbl 2012/02/13 v1.0a Color table columns (DPC)
\everycr=\toks19
\minrowclearance=\skip48
)
\rownum=\count93
Package xcolor Info: Model `cmy' substituted by `cmy0' on input line 1348.
Package xcolor Info: Model `hsb' substituted by `rgb' on input line 1352.
Package xcolor Info: Model `RGB' extended on input line 1364.
Package xcolor Info: Model `HTML' substituted by `rgb' on input line 1366.
Package xcolor Info: Model `Hsb' substituted by `hsb' on input line 1367.
Package xcolor Info: Model `tHsb' substituted by `hsb' on input line 1368.
Package xcolor Info: Model `HSB' substituted by `hsb' on input line 1369.
Package xcolor Info: Model `Gray' substituted by `gray' on input line 1370.
Package xcolor Info: Model `wave' substituted by `hsb' on input line 1371.
)
("C:\Program Files\MiKTeX 2.9\tex\latex\tools\longtable.sty"
Package: longtable 2014/10/28 v4.11 Multi-page Table package (DPC)
\LTleft=\skip49
\LTright=\skip50
\LTpre=\skip51
\LTpost=\skip52
\LTchunksize=\count94
\LTcapwidth=\dimen107
\LT@head=\box28
\LT@firsthead=\box29
\LT@foot=\box30
\LT@lastfoot=\box31
\LT@cols=\count95
\LT@rows=\count96
\c@LT@tables=\count97
\c@LT@chunks=\count98
\LT@p@ftn=\toks20
)
(C:\Users\hsmyers\AppData\Roaming\MiKTeX\2.9\tex\latex\tabu\tabu.sty
Package: tabu 2011/02/26 v2.8 - flexible LaTeX tabulars (FC)

("C:\Program Files\MiKTeX 2.9\tex\latex\ltxmisc\varwidth.sty"
Package: varwidth 2009/03/30 ver 0.92;  Variable-width minipages
\@vwid@box=\box32
\sift@deathcycles=\count99
\@vwid@loff=\dimen108
\@vwid@roff=\dimen109
)
\c@taburow=\count100
\tabu@nbcols=\count101
\tabu@cnt=\count102
\tabu@Xcol=\count103
\tabu@alloc=\count104
\tabu@nested=\count105
\tabu@target=\dimen110
\tabu@spreadtarget=\dimen111
\tabu@naturalX=\dimen112
\tabucolX=\dimen113
\tabu@Xsum=\dimen114
\extrarowdepth=\dimen115
\abovetabulinesep=\dimen116
\belowtabulinesep=\dimen117
\tabustrutrule=\dimen118
\tabu@thebody=\toks21
\tabu@footnotes=\toks22
\tabu@box=\box33
\tabu@arstrutbox=\box34
\tabu@hleads=\box35
\tabu@vleads=\box36
\tabu@cellskip=\skip53
)
("C:\Program Files\MiKTeX 2.9\tex\latex\tools\tabularx.sty"
Package: tabularx 2016/02/03 v2.11 `tabularx' package (DPC)
\TX@col@width=\dimen119
\TX@old@table=\dimen120
\TX@old@col=\dimen121
\TX@target=\dimen122
\TX@delta=\dimen123
\TX@cols=\count106
\TX@ftn=\toks23
)
("C:\Program Files\MiKTeX 2.9\tex\latex\multirow\multirow.sty"
Package: multirow 2016/10/11 v2.1 Span multiple rows of a table
\multirow@colwidth=\skip54
\multirow@cnta=\count107
\multirow@cntb=\count108
\multirow@dima=\skip55
\bigstrutjot=\dimen124
)
\xrefbox=\box37
\xreflength=\skip56
)
(C:\Users\hsmyers\AppData\Roaming\MiKTeX\2.9\tex\latex\adjustbox\adjustbox.sty
Package: adjustbox 2012/05/21 v1.0 Adjusting TeX boxes (trim, clip, ...)

("C:\Program Files\MiKTeX 2.9\tex\latex\xkeyval\xkeyval.sty"
Package: xkeyval 2014/12/03 v2.7a package option processing (HA)

("C:\Program Files\MiKTeX 2.9\tex\generic\xkeyval\xkeyval.tex"
("C:\Program Files\MiKTeX 2.9\tex\generic\xkeyval\xkvutils.tex"
\XKV@toks=\toks24
\XKV@tempa@toks=\toks25

("C:\Program Files\MiKTeX 2.9\tex\generic\xkeyval\keyval.tex"))
\XKV@depth=\count109
File: xkeyval.tex 2014/12/03 v2.7a key=value parser (HA)
))
(C:\Users\hsmyers\AppData\Roaming\MiKTeX\2.9\tex\latex\adjustbox\adjcalc.sty
Package: adjcalc 2012/05/16 v1.1 Provides advanced setlength with multiple back
-ends (calc, etex, pgfmath)
)
(C:\Users\hsmyers\AppData\Roaming\MiKTeX\2.9\tex\latex\adjustbox\trimclip.sty
Package: trimclip 2012/05/16 v1.0 Trim and clip general TeX material

("C:\Program Files\MiKTeX 2.9\tex\latex\graphics\graphicx.sty"
Package: graphicx 2014/10/28 v1.0g Enhanced LaTeX Graphics (DPC,SPQR)

("C:\Program Files\MiKTeX 2.9\tex\latex\graphics\graphics.sty"
Package: graphics 2016/07/10 v1.0t Standard LaTeX Graphics (DPC,SPQR)

("C:\Program Files\MiKTeX 2.9\tex\latex\graphics\trig.sty"
Package: trig 2016/01/03 v1.10 sin cos tan (DPC)
)
("C:\Program Files\MiKTeX 2.9\tex\latex\graphics-cfg\graphics.cfg"
File: graphics.cfg 2016/06/04 v1.11 sample graphics configuration
)
Package graphics Info: Driver file: pdftex.def on input line 99.
)
\Gin@req@height=\dimen125
\Gin@req@width=\dimen126
)
(C:\Users\hsmyers\AppData\Roaming\MiKTeX\2.9\tex\latex\collectbox\collectbox.st
y
Package: collectbox 2012/05/17 v0.4b Collect macro arguments as boxes
\collectedbox=\box38
)
\tc@llx=\dimen127
\tc@lly=\dimen128
\tc@urx=\dimen129
\tc@ury=\dimen130
Package trimclip Info: Using driver 'tc-pdftex.def'.

(C:\Users\hsmyers\AppData\Roaming\MiKTeX\2.9\tex\latex\adjustbox\tc-pdftex.def
File: tc-pdftex.def 2012/05/13 v1.0 Clipping driver for pdftex
))
\adjbox@Width=\dimen131
\adjbox@Height=\dimen132
\adjbox@Depth=\dimen133
\adjbox@Totalheight=\dimen134

(C:\Users\hsmyers\AppData\Roaming\MiKTeX\2.9\tex\latex\ifoddpage\ifoddpage.sty
Package: ifoddpage 2016/04/23 v1.1 Conditionals for odd/even page detection
\c@checkoddpage=\count110
)) ("C:\Program Files\MiKTeX 2.9\tex\latex\base\inputenc.sty"
Package: inputenc 2015/03/17 v1.2c Input encoding file
\inpenc@prehook=\toks26
\inpenc@posthook=\toks27

("C:\Program Files\MiKTeX 2.9\tex\latex\base\utf8.def"
File: utf8.def 2016/02/28 v1.1s UTF-8 support for inputenc
Now handling font encoding OML ...
... no UTF-8 mapping file for font encoding OML
Now handling font encoding T1 ...
... processing UTF-8 mapping file for font encoding T1

("C:\Program Files\MiKTeX 2.9\tex\latex\base\t1enc.dfu"
File: t1enc.dfu 2016/02/28 v1.1s UTF-8 support for inputenc
   defining Unicode char U+00A0 (decimal 160)
   defining Unicode char U+00A1 (decimal 161)
   defining Unicode char U+00A3 (decimal 163)
   defining Unicode char U+00AB (decimal 171)
   defining Unicode char U+00AD (decimal 173)
   defining Unicode char U+00BB (decimal 187)
   defining Unicode char U+00BF (decimal 191)
   defining Unicode char U+00C0 (decimal 192)
   defining Unicode char U+00C1 (decimal 193)
   defining Unicode char U+00C2 (decimal 194)
   defining Unicode char U+00C3 (decimal 195)
   defining Unicode char U+00C4 (decimal 196)
   defining Unicode char U+00C5 (decimal 197)
   defining Unicode char U+00C6 (decimal 198)
   defining Unicode char U+00C7 (decimal 199)
   defining Unicode char U+00C8 (decimal 200)
   defining Unicode char U+00C9 (decimal 201)
   defining Unicode char U+00CA (decimal 202)
   defining Unicode char U+00CB (decimal 203)
   defining Unicode char U+00CC (decimal 204)
   defining Unicode char U+00CD (decimal 205)
   defining Unicode char U+00CE (decimal 206)
   defining Unicode char U+00CF (decimal 207)
   defining Unicode char U+00D0 (decimal 208)
   defining Unicode char U+00D1 (decimal 209)
   defining Unicode char U+00D2 (decimal 210)
   defining Unicode char U+00D3 (decimal 211)
   defining Unicode char U+00D4 (decimal 212)
   defining Unicode char U+00D5 (decimal 213)
   defining Unicode char U+00D6 (decimal 214)
   defining Unicode char U+00D8 (decimal 216)
   defining Unicode char U+00D9 (decimal 217)
   defining Unicode char U+00DA (decimal 218)
   defining Unicode char U+00DB (decimal 219)
   defining Unicode char U+00DC (decimal 220)
   defining Unicode char U+00DD (decimal 221)
   defining Unicode char U+00DE (decimal 222)
   defining Unicode char U+00DF (decimal 223)
   defining Unicode char U+00E0 (decimal 224)
   defining Unicode char U+00E1 (decimal 225)
   defining Unicode char U+00E2 (decimal 226)
   defining Unicode char U+00E3 (decimal 227)
   defining Unicode char U+00E4 (decimal 228)
   defining Unicode char U+00E5 (decimal 229)
   defining Unicode char U+00E6 (decimal 230)
   defining Unicode char U+00E7 (decimal 231)
   defining Unicode char U+00E8 (decimal 232)
   defining Unicode char U+00E9 (decimal 233)
   defining Unicode char U+00EA (decimal 234)
   defining Unicode char U+00EB (decimal 235)
   defining Unicode char U+00EC (decimal 236)
   defining Unicode char U+00ED (decimal 237)
   defining Unicode char U+00EE (decimal 238)
   defining Unicode char U+00EF (decimal 239)
   defining Unicode char U+00F0 (decimal 240)
   defining Unicode char U+00F1 (decimal 241)
   defining Unicode char U+00F2 (decimal 242)
   defining Unicode char U+00F3 (decimal 243)
   defining Unicode char U+00F4 (decimal 244)
   defining Unicode char U+00F5 (decimal 245)
   defining Unicode char U+00F6 (decimal 246)
   defining Unicode char U+00F8 (decimal 248)
   defining Unicode char U+00F9 (decimal 249)
   defining Unicode char U+00FA (decimal 250)
   defining Unicode char U+00FB (decimal 251)
   defining Unicode char U+00FC (decimal 252)
   defining Unicode char U+00FD (decimal 253)
   defining Unicode char U+00FE (decimal 254)
   defining Unicode char U+00FF (decimal 255)
   defining Unicode char U+0100 (decimal 256)
   defining Unicode char U+0101 (decimal 257)
   defining Unicode char U+0102 (decimal 258)
   defining Unicode char U+0103 (decimal 259)
   defining Unicode char U+0104 (decimal 260)
   defining Unicode char U+0105 (decimal 261)
   defining Unicode char U+0106 (decimal 262)
   defining Unicode char U+0107 (decimal 263)
   defining Unicode char U+0108 (decimal 264)
   defining Unicode char U+0109 (decimal 265)
   defining Unicode char U+010A (decimal 266)
   defining Unicode char U+010B (decimal 267)
   defining Unicode char U+010C (decimal 268)
   defining Unicode char U+010D (decimal 269)
   defining Unicode char U+010E (decimal 270)
   defining Unicode char U+010F (decimal 271)
   defining Unicode char U+0110 (decimal 272)
   defining Unicode char U+0111 (decimal 273)
   defining Unicode char U+0112 (decimal 274)
   defining Unicode char U+0113 (decimal 275)
   defining Unicode char U+0114 (decimal 276)
   defining Unicode char U+0115 (decimal 277)
   defining Unicode char U+0116 (decimal 278)
   defining Unicode char U+0117 (decimal 279)
   defining Unicode char U+0118 (decimal 280)
   defining Unicode char U+0119 (decimal 281)
   defining Unicode char U+011A (decimal 282)
   defining Unicode char U+011B (decimal 283)
   defining Unicode char U+011C (decimal 284)
   defining Unicode char U+011D (decimal 285)
   defining Unicode char U+011E (decimal 286)
   defining Unicode char U+011F (decimal 287)
   defining Unicode char U+0120 (decimal 288)
   defining Unicode char U+0121 (decimal 289)
   defining Unicode char U+0122 (decimal 290)
   defining Unicode char U+0123 (decimal 291)
   defining Unicode char U+0124 (decimal 292)
   defining Unicode char U+0125 (decimal 293)
   defining Unicode char U+0128 (decimal 296)
   defining Unicode char U+0129 (decimal 297)
   defining Unicode char U+012A (decimal 298)
   defining Unicode char U+012B (decimal 299)
   defining Unicode char U+012C (decimal 300)
   defining Unicode char U+012D (decimal 301)
   defining Unicode char U+012E (decimal 302)
   defining Unicode char U+012F (decimal 303)
   defining Unicode char U+0130 (decimal 304)
   defining Unicode char U+0131 (decimal 305)
   defining Unicode char U+0132 (decimal 306)
   defining Unicode char U+0133 (decimal 307)
   defining Unicode char U+0134 (decimal 308)
   defining Unicode char U+0135 (decimal 309)
   defining Unicode char U+0136 (decimal 310)
   defining Unicode char U+0137 (decimal 311)
   defining Unicode char U+0139 (decimal 313)
   defining Unicode char U+013A (decimal 314)
   defining Unicode char U+013B (decimal 315)
   defining Unicode char U+013C (decimal 316)
   defining Unicode char U+013D (decimal 317)
   defining Unicode char U+013E (decimal 318)
   defining Unicode char U+0141 (decimal 321)
   defining Unicode char U+0142 (decimal 322)
   defining Unicode char U+0143 (decimal 323)
   defining Unicode char U+0144 (decimal 324)
   defining Unicode char U+0145 (decimal 325)
   defining Unicode char U+0146 (decimal 326)
   defining Unicode char U+0147 (decimal 327)
   defining Unicode char U+0148 (decimal 328)
   defining Unicode char U+014A (decimal 330)
   defining Unicode char U+014B (decimal 331)
   defining Unicode char U+014C (decimal 332)
   defining Unicode char U+014D (decimal 333)
   defining Unicode char U+014E (decimal 334)
   defining Unicode char U+014F (decimal 335)
   defining Unicode char U+0150 (decimal 336)
   defining Unicode char U+0151 (decimal 337)
   defining Unicode char U+0152 (decimal 338)
   defining Unicode char U+0153 (decimal 339)
   defining Unicode char U+0154 (decimal 340)
   defining Unicode char U+0155 (decimal 341)
   defining Unicode char U+0156 (decimal 342)
   defining Unicode char U+0157 (decimal 343)
   defining Unicode char U+0158 (decimal 344)
   defining Unicode char U+0159 (decimal 345)
   defining Unicode char U+015A (decimal 346)
   defining Unicode char U+015B (decimal 347)
   defining Unicode char U+015C (decimal 348)
   defining Unicode char U+015D (decimal 349)
   defining Unicode char U+015E (decimal 350)
   defining Unicode char U+015F (decimal 351)
   defining Unicode char U+0160 (decimal 352)
   defining Unicode char U+0161 (decimal 353)
   defining Unicode char U+0162 (decimal 354)
   defining Unicode char U+0163 (decimal 355)
   defining Unicode char U+0164 (decimal 356)
   defining Unicode char U+0165 (decimal 357)
   defining Unicode char U+0168 (decimal 360)
   defining Unicode char U+0169 (decimal 361)
   defining Unicode char U+016A (decimal 362)
   defining Unicode char U+016B (decimal 363)
   defining Unicode char U+016C (decimal 364)
   defining Unicode char U+016D (decimal 365)
   defining Unicode char U+016E (decimal 366)
   defining Unicode char U+016F (decimal 367)
   defining Unicode char U+0170 (decimal 368)
   defining Unicode char U+0171 (decimal 369)
   defining Unicode char U+0172 (decimal 370)
   defining Unicode char U+0173 (decimal 371)
   defining Unicode char U+0174 (decimal 372)
   defining Unicode char U+0175 (decimal 373)
   defining Unicode char U+0176 (decimal 374)
   defining Unicode char U+0177 (decimal 375)
   defining Unicode char U+0178 (decimal 376)
   defining Unicode char U+0179 (decimal 377)
   defining Unicode char U+017A (decimal 378)
   defining Unicode char U+017B (decimal 379)
   defining Unicode char U+017C (decimal 380)
   defining Unicode char U+017D (decimal 381)
   defining Unicode char U+017E (decimal 382)
   defining Unicode char U+01CD (decimal 461)
   defining Unicode char U+01CE (decimal 462)
   defining Unicode char U+01CF (decimal 463)
   defining Unicode char U+01D0 (decimal 464)
   defining Unicode char U+01D1 (decimal 465)
   defining Unicode char U+01D2 (decimal 466)
   defining Unicode char U+01D3 (decimal 467)
   defining Unicode char U+01D4 (decimal 468)
   defining Unicode char U+01E2 (decimal 482)
   defining Unicode char U+01E3 (decimal 483)
   defining Unicode char U+01E6 (decimal 486)
   defining Unicode char U+01E7 (decimal 487)
   defining Unicode char U+01E8 (decimal 488)
   defining Unicode char U+01E9 (decimal 489)
   defining Unicode char U+01EA (decimal 490)
   defining Unicode char U+01EB (decimal 491)
   defining Unicode char U+01F0 (decimal 496)
   defining Unicode char U+01F4 (decimal 500)
   defining Unicode char U+01F5 (decimal 501)
   defining Unicode char U+0218 (decimal 536)
   defining Unicode char U+0219 (decimal 537)
   defining Unicode char U+021A (decimal 538)
   defining Unicode char U+021B (decimal 539)
   defining Unicode char U+1E02 (decimal 7682)
   defining Unicode char U+1E03 (decimal 7683)
   defining Unicode char U+200C (decimal 8204)
   defining Unicode char U+2010 (decimal 8208)
   defining Unicode char U+2011 (decimal 8209)
   defining Unicode char U+2012 (decimal 8210)
   defining Unicode char U+2013 (decimal 8211)
   defining Unicode char U+2014 (decimal 8212)
   defining Unicode char U+2015 (decimal 8213)
   defining Unicode char U+2018 (decimal 8216)
   defining Unicode char U+2019 (decimal 8217)
   defining Unicode char U+201A (decimal 8218)
   defining Unicode char U+201C (decimal 8220)
   defining Unicode char U+201D (decimal 8221)
   defining Unicode char U+201E (decimal 8222)
   defining Unicode char U+2030 (decimal 8240)
   defining Unicode char U+2031 (decimal 8241)
   defining Unicode char U+2039 (decimal 8249)
   defining Unicode char U+203A (decimal 8250)
   defining Unicode char U+2423 (decimal 9251)
)
Now handling font encoding OT1 ...
... processing UTF-8 mapping file for font encoding OT1

("C:\Program Files\MiKTeX 2.9\tex\latex\base\ot1enc.dfu"
File: ot1enc.dfu 2016/02/28 v1.1s UTF-8 support for inputenc
   defining Unicode char U+00A0 (decimal 160)
   defining Unicode char U+00A1 (decimal 161)
   defining Unicode char U+00A3 (decimal 163)
   defining Unicode char U+00AD (decimal 173)
   defining Unicode char U+00B8 (decimal 184)
   defining Unicode char U+00BF (decimal 191)
   defining Unicode char U+00C5 (decimal 197)
   defining Unicode char U+00C6 (decimal 198)
   defining Unicode char U+00D8 (decimal 216)
   defining Unicode char U+00DF (decimal 223)
   defining Unicode char U+00E6 (decimal 230)
   defining Unicode char U+00EC (decimal 236)
   defining Unicode char U+00ED (decimal 237)
   defining Unicode char U+00EE (decimal 238)
   defining Unicode char U+00EF (decimal 239)
   defining Unicode char U+00F8 (decimal 248)
   defining Unicode char U+0131 (decimal 305)
   defining Unicode char U+0141 (decimal 321)
   defining Unicode char U+0142 (decimal 322)
   defining Unicode char U+0152 (decimal 338)
   defining Unicode char U+0153 (decimal 339)
   defining Unicode char U+0174 (decimal 372)
   defining Unicode char U+0175 (decimal 373)
   defining Unicode char U+0176 (decimal 374)
   defining Unicode char U+0177 (decimal 375)
   defining Unicode char U+0218 (decimal 536)
   defining Unicode char U+0219 (decimal 537)
   defining Unicode char U+021A (decimal 538)
   defining Unicode char U+021B (decimal 539)
   defining Unicode char U+2013 (decimal 8211)
   defining Unicode char U+2014 (decimal 8212)
   defining Unicode char U+2018 (decimal 8216)
   defining Unicode char U+2019 (decimal 8217)
   defining Unicode char U+201C (decimal 8220)
   defining Unicode char U+201D (decimal 8221)
)
Now handling font encoding OMS ...
... processing UTF-8 mapping file for font encoding OMS

("C:\Program Files\MiKTeX 2.9\tex\latex\base\omsenc.dfu"
File: omsenc.dfu 2016/02/28 v1.1s UTF-8 support for inputenc
   defining Unicode char U+00A7 (decimal 167)
   defining Unicode char U+00B6 (decimal 182)
   defining Unicode char U+00B7 (decimal 183)
   defining Unicode char U+2020 (decimal 8224)
   defining Unicode char U+2021 (decimal 8225)
   defining Unicode char U+2022 (decimal 8226)
)
Now handling font encoding OMX ...
... no UTF-8 mapping file for font encoding OMX
Now handling font encoding U ...
... no UTF-8 mapping file for font encoding U
   defining Unicode char U+00A9 (decimal 169)
   defining Unicode char U+00AA (decimal 170)
   defining Unicode char U+00AE (decimal 174)
   defining Unicode char U+00BA (decimal 186)
   defining Unicode char U+02C6 (decimal 710)
   defining Unicode char U+02DC (decimal 732)
   defining Unicode char U+200C (decimal 8204)
   defining Unicode char U+2026 (decimal 8230)
   defining Unicode char U+2122 (decimal 8482)
   defining Unicode char U+2423 (decimal 9251)
))
("C:\Program Files\MiKTeX 2.9\tex\latex\base\makeidx.sty"
Package: makeidx 2014/09/29 v1.0m Standard LaTeX package
)
("C:\Program Files\MiKTeX 2.9\tex\latex\tools\multicol.sty"
Package: multicol 2016/04/07 v1.8p multicolumn formatting (FMi)
\c@tracingmulticols=\count111
\mult@box=\box39
\multicol@leftmargin=\dimen135
\c@unbalance=\count112
\c@collectmore=\count113
\doublecol@number=\count114
\multicoltolerance=\count115
\multicolpretolerance=\count116
\full@width=\dimen136
\page@free=\dimen137
\premulticols=\dimen138
\postmulticols=\dimen139
\multicolsep=\skip57
\multicolbaselineskip=\skip58
\partial@page=\box40
\last@line=\box41
\maxbalancingoverflow=\dimen140
\mult@rightbox=\box42
\mult@grightbox=\box43
\mult@gfirstbox=\box44
\mult@firstbox=\box45
\@tempa=\box46
\@tempa=\box47
\@tempa=\box48
\@tempa=\box49
\@tempa=\box50
\@tempa=\box51
\@tempa=\box52
\@tempa=\box53
\@tempa=\box54
\@tempa=\box55
\@tempa=\box56
\@tempa=\box57
\@tempa=\box58
\@tempa=\box59
\@tempa=\box60
\@tempa=\box61
\@tempa=\box62
\c@columnbadness=\count117
\c@finalcolumnbadness=\count118
\last@try=\dimen141
\multicolovershoot=\dimen142
\multicolundershoot=\dimen143
\mult@nat@firstbox=\box63
\colbreak@box=\box64
\mc@col@check@num=\count119
)
("C:\Program Files\MiKTeX 2.9\tex\latex\base\textcomp.sty"
Package: textcomp 2016/06/19 v1.99m Standard LaTeX package
Package textcomp Info: Sub-encoding information:
(textcomp)               5 = only ISO-Adobe without \textcurrency
(textcomp)               4 = 5 + \texteuro
(textcomp)               3 = 4 + \textohm
(textcomp)               2 = 3 + \textestimated + \textcurrency
(textcomp)               1 = TS1 - \textcircled - \t
(textcomp)               0 = TS1 (full)
(textcomp)             Font families with sub-encoding setting implement
(textcomp)             only a restricted character set as indicated.
(textcomp)             Family '?' is the default used for unknown fonts.
(textcomp)             See the documentation for details.
Package textcomp Info: Setting ? sub-encoding to TS1/1 on input line 79.

("C:\Program Files\MiKTeX 2.9\tex\latex\base\ts1enc.def"
File: ts1enc.def 2001/06/05 v3.0e (jk/car/fm) Standard LaTeX file
Now handling font encoding TS1 ...
... processing UTF-8 mapping file for font encoding TS1

("C:\Program Files\MiKTeX 2.9\tex\latex\base\ts1enc.dfu"
File: ts1enc.dfu 2016/02/28 v1.1s UTF-8 support for inputenc
   defining Unicode char U+00A2 (decimal 162)
   defining Unicode char U+00A3 (decimal 163)
   defining Unicode char U+00A4 (decimal 164)
   defining Unicode char U+00A5 (decimal 165)
   defining Unicode char U+00A6 (decimal 166)
   defining Unicode char U+00A7 (decimal 167)
   defining Unicode char U+00A8 (decimal 168)
   defining Unicode char U+00A9 (decimal 169)
   defining Unicode char U+00AA (decimal 170)
   defining Unicode char U+00AC (decimal 172)
   defining Unicode char U+00AE (decimal 174)
   defining Unicode char U+00AF (decimal 175)
   defining Unicode char U+00B0 (decimal 176)
   defining Unicode char U+00B1 (decimal 177)
   defining Unicode char U+00B2 (decimal 178)
   defining Unicode char U+00B3 (decimal 179)
   defining Unicode char U+00B4 (decimal 180)
   defining Unicode char U+00B5 (decimal 181)
   defining Unicode char U+00B6 (decimal 182)
   defining Unicode char U+00B7 (decimal 183)
   defining Unicode char U+00B9 (decimal 185)
   defining Unicode char U+00BA (decimal 186)
   defining Unicode char U+00BC (decimal 188)
   defining Unicode char U+00BD (decimal 189)
   defining Unicode char U+00BE (decimal 190)
   defining Unicode char U+00D7 (decimal 215)
   defining Unicode char U+00F7 (decimal 247)
   defining Unicode char U+0192 (decimal 402)
   defining Unicode char U+02C7 (decimal 711)
   defining Unicode char U+02D8 (decimal 728)
   defining Unicode char U+02DD (decimal 733)
   defining Unicode char U+0E3F (decimal 3647)
   defining Unicode char U+2016 (decimal 8214)
   defining Unicode char U+2020 (decimal 8224)
   defining Unicode char U+2021 (decimal 8225)
   defining Unicode char U+2022 (decimal 8226)
   defining Unicode char U+2030 (decimal 8240)
   defining Unicode char U+2031 (decimal 8241)
   defining Unicode char U+203B (decimal 8251)
   defining Unicode char U+203D (decimal 8253)
   defining Unicode char U+2044 (decimal 8260)
   defining Unicode char U+204E (decimal 8270)
   defining Unicode char U+2052 (decimal 8274)
   defining Unicode char U+20A1 (decimal 8353)
   defining Unicode char U+20A4 (decimal 8356)
   defining Unicode char U+20A6 (decimal 8358)
   defining Unicode char U+20A9 (decimal 8361)
   defining Unicode char U+20AB (decimal 8363)
   defining Unicode char U+20AC (decimal 8364)
   defining Unicode char U+20B1 (decimal 8369)
   defining Unicode char U+2103 (decimal 8451)
   defining Unicode char U+2116 (decimal 8470)
   defining Unicode char U+2117 (decimal 8471)
   defining Unicode char U+211E (decimal 8478)
   defining Unicode char U+2120 (decimal 8480)
   defining Unicode char U+2122 (decimal 8482)
   defining Unicode char U+2126 (decimal 8486)
   defining Unicode char U+2127 (decimal 8487)
   defining Unicode char U+212E (decimal 8494)
   defining Unicode char U+2190 (decimal 8592)
   defining Unicode char U+2191 (decimal 8593)
   defining Unicode char U+2192 (decimal 8594)
   defining Unicode char U+2193 (decimal 8595)
   defining Unicode char U+2329 (decimal 9001)
   defining Unicode char U+232A (decimal 9002)
   defining Unicode char U+2422 (decimal 9250)
   defining Unicode char U+25E6 (decimal 9702)
   defining Unicode char U+25EF (decimal 9711)
   defining Unicode char U+266A (decimal 9834)
))
LaTeX Info: Redefining \oldstylenums on input line 334.
Package textcomp Info: Setting cmr sub-encoding to TS1/0 on input line 349.
Package textcomp Info: Setting cmss sub-encoding to TS1/0 on input line 350.
Package textcomp Info: Setting cmtt sub-encoding to TS1/0 on input line 351.
Package textcomp Info: Setting cmvtt sub-encoding to TS1/0 on input line 352.
Package textcomp Info: Setting cmbr sub-encoding to TS1/0 on input line 353.
Package textcomp Info: Setting cmtl sub-encoding to TS1/0 on input line 354.
Package textcomp Info: Setting ccr sub-encoding to TS1/0 on input line 355.
Package textcomp Info: Setting ptm sub-encoding to TS1/4 on input line 356.
Package textcomp Info: Setting pcr sub-encoding to TS1/4 on input line 357.
Package textcomp Info: Setting phv sub-encoding to TS1/4 on input line 358.
Package textcomp Info: Setting ppl sub-encoding to TS1/3 on input line 359.
Package textcomp Info: Setting pag sub-encoding to TS1/4 on input line 360.
Package textcomp Info: Setting pbk sub-encoding to TS1/4 on input line 361.
Package textcomp Info: Setting pnc sub-encoding to TS1/4 on input line 362.
Package textcomp Info: Setting pzc sub-encoding to TS1/4 on input line 363.
Package textcomp Info: Setting bch sub-encoding to TS1/4 on input line 364.
Package textcomp Info: Setting put sub-encoding to TS1/5 on input line 365.
Package textcomp Info: Setting uag sub-encoding to TS1/5 on input line 366.
Package textcomp Info: Setting ugq sub-encoding to TS1/5 on input line 367.
Package textcomp Info: Setting ul8 sub-encoding to TS1/4 on input line 368.
Package textcomp Info: Setting ul9 sub-encoding to TS1/4 on input line 369.
Package textcomp Info: Setting augie sub-encoding to TS1/5 on input line 370.
Package textcomp Info: Setting dayrom sub-encoding to TS1/3 on input line 371.
Package textcomp Info: Setting dayroms sub-encoding to TS1/3 on input line 372.

Package textcomp Info: Setting pxr sub-encoding to TS1/0 on input line 373.
Package textcomp Info: Setting pxss sub-encoding to TS1/0 on input line 374.
Package textcomp Info: Setting pxtt sub-encoding to TS1/0 on input line 375.
Package textcomp Info: Setting txr sub-encoding to TS1/0 on input line 376.
Package textcomp Info: Setting txss sub-encoding to TS1/0 on input line 377.
Package textcomp Info: Setting txtt sub-encoding to TS1/0 on input line 378.
Package textcomp Info: Setting lmr sub-encoding to TS1/0 on input line 379.
Package textcomp Info: Setting lmdh sub-encoding to TS1/0 on input line 380.
Package textcomp Info: Setting lmss sub-encoding to TS1/0 on input line 381.
Package textcomp Info: Setting lmssq sub-encoding to TS1/0 on input line 382.
Package textcomp Info: Setting lmvtt sub-encoding to TS1/0 on input line 383.
Package textcomp Info: Setting lmtt sub-encoding to TS1/0 on input line 384.
Package textcomp Info: Setting qhv sub-encoding to TS1/0 on input line 385.
Package textcomp Info: Setting qag sub-encoding to TS1/0 on input line 386.
Package textcomp Info: Setting qbk sub-encoding to TS1/0 on input line 387.
Package textcomp Info: Setting qcr sub-encoding to TS1/0 on input line 388.
Package textcomp Info: Setting qcs sub-encoding to TS1/0 on input line 389.
Package textcomp Info: Setting qpl sub-encoding to TS1/0 on input line 390.
Package textcomp Info: Setting qtm sub-encoding to TS1/0 on input line 391.
Package textcomp Info: Setting qzc sub-encoding to TS1/0 on input line 392.
Package textcomp Info: Setting qhvc sub-encoding to TS1/0 on input line 393.
Package textcomp Info: Setting futs sub-encoding to TS1/4 on input line 394.
Package textcomp Info: Setting futx sub-encoding to TS1/4 on input line 395.
Package textcomp Info: Setting futj sub-encoding to TS1/4 on input line 396.
Package textcomp Info: Setting hlh sub-encoding to TS1/3 on input line 397.
Package textcomp Info: Setting hls sub-encoding to TS1/3 on input line 398.
Package textcomp Info: Setting hlst sub-encoding to TS1/3 on input line 399.
Package textcomp Info: Setting hlct sub-encoding to TS1/5 on input line 400.
Package textcomp Info: Setting hlx sub-encoding to TS1/5 on input line 401.
Package textcomp Info: Setting hlce sub-encoding to TS1/5 on input line 402.
Package textcomp Info: Setting hlcn sub-encoding to TS1/5 on input line 403.
Package textcomp Info: Setting hlcw sub-encoding to TS1/5 on input line 404.
Package textcomp Info: Setting hlcf sub-encoding to TS1/5 on input line 405.
Package textcomp Info: Setting pplx sub-encoding to TS1/3 on input line 406.
Package textcomp Info: Setting pplj sub-encoding to TS1/3 on input line 407.
Package textcomp Info: Setting ptmx sub-encoding to TS1/4 on input line 408.
Package textcomp Info: Setting ptmj sub-encoding to TS1/4 on input line 409.
)
(C:\Users\hsmyers\AppData\Roaming\MiKTeX\2.9\tex\latex\wasysym\wasysym.sty
Package: wasysym 2003/10/30 v2.0 Wasy-2 symbol support package
\symwasy=\mathgroup4
LaTeX Font Info:    Overwriting symbol font `wasy' in version `bold'
(Font)                  U/wasy/m/n --> U/wasy/b/n on input line 90.
)
("C:\Program Files\MiKTeX 2.9\tex\latex\base\fontenc.sty"
Package: fontenc 2016/06/19 v1.99m Standard LaTeX package

("C:\Program Files\MiKTeX 2.9\tex\latex\base\t1enc.def"
File: t1enc.def 2016/06/19 v1.99m Standard LaTeX file
LaTeX Font Info:    Redeclaring font encoding T1 on input line 48.
))
("C:\Program Files\MiKTeX 2.9\tex\latex\psnfss\helvet.sty"
Package: helvet 2005/04/12 PSNFSS-v9.2a (WaS) 
)
("C:\Program Files\MiKTeX 2.9\tex\latex\psnfss\courier.sty"
Package: courier 2005/04/12 PSNFSS-v9.2a (WaS) 
)
("C:\Program Files\MiKTeX 2.9\tex\latex\amsfonts\amssymb.sty"
Package: amssymb 2013/01/14 v3.01 AMS font symbols

("C:\Program Files\MiKTeX 2.9\tex\latex\amsfonts\amsfonts.sty"
Package: amsfonts 2013/01/14 v3.01 Basic AMSFonts support
\@emptytoks=\toks28
\symAMSa=\mathgroup5
\symAMSb=\mathgroup6
LaTeX Font Info:    Overwriting math alphabet `\mathfrak' in version `bold'
(Font)                  U/euf/m/n --> U/euf/b/n on input line 106.
))
(C:\Users\hsmyers\AppData\Roaming\MiKTeX\2.9\tex\latex\sectsty\sectsty.sty
Package: sectsty 2002/02/25 v2.0.2 Commands to change all sectional heading sty
les
)
("C:\Program Files\MiKTeX 2.9\tex\latex\geometry\geometry.sty"
Package: geometry 2010/09/12 v5.6 Page Geometry

("C:\Program Files\MiKTeX 2.9\tex\generic\oberdiek\ifpdf.sty"
Package: ifpdf 2016/05/14 v3.1 Provides the ifpdf switch
)
("C:\Program Files\MiKTeX 2.9\tex\generic\oberdiek\ifvtex.sty"
Package: ifvtex 2016/05/16 v1.6 Detect VTeX and its facilities (HO)
Package ifvtex Info: VTeX not detected.
)
("C:\Program Files\MiKTeX 2.9\tex\generic\ifxetex\ifxetex.sty"
Package: ifxetex 2010/09/12 v0.6 Provides ifxetex conditional
)
\Gm@cnth=\count120
\Gm@cntv=\count121
\c@Gm@tempcnt=\count122
\Gm@bindingoffset=\dimen144
\Gm@wd@mp=\dimen145
\Gm@odd@mp=\dimen146
\Gm@even@mp=\dimen147
\Gm@layoutwidth=\dimen148
\Gm@layoutheight=\dimen149
\Gm@layouthoffset=\dimen150
\Gm@layoutvoffset=\dimen151
\Gm@dimlist=\toks29

("C:\Program Files\MiKTeX 2.9\tex\latex\geometry\geometry.cfg"))
(C:\Users\hsmyers\AppData\Roaming\MiKTeX\2.9\tex\latex\fancyhdr\fancyhdr.sty
Package: fancyhdr 2017/06/30 v3.9a Extensive control of page headers and footer
s
\f@nch@headwidth=\skip59
\f@nch@O@elh=\skip60
\f@nch@O@erh=\skip61
\f@nch@O@olh=\skip62
\f@nch@O@orh=\skip63
\f@nch@O@elf=\skip64
\f@nch@O@erf=\skip65
\f@nch@O@olf=\skip66
\f@nch@O@orf=\skip67
)
(C:\Users\hsmyers\AppData\Roaming\MiKTeX\2.9\tex\latex\natbib\natbib.sty
Package: natbib 2010/09/13 8.31b (PWD, AO)
\bibhang=\skip68
\bibsep=\skip69
LaTeX Info: Redefining \cite on input line 694.
\c@NAT@ctr=\count123
)
(C:\Users\hsmyers\AppData\Roaming\MiKTeX\2.9\tex\latex\tocloft\tocloft.sty
Package: tocloft 2013/05/02 v2.3f parameterised ToC, etc., typesetting
Package tocloft Info: The document has chapter divisions on input line 44.
\cftparskip=\skip70
\cftbeforetoctitleskip=\skip71
\cftaftertoctitleskip=\skip72
\cftbeforepartskip=\skip73
\cftpartnumwidth=\skip74
\cftpartindent=\skip75
\cftbeforechapskip=\skip76
\cftchapindent=\skip77
\cftchapnumwidth=\skip78
\cftbeforesecskip=\skip79
\cftsecindent=\skip80
\cftsecnumwidth=\skip81
\cftbeforesubsecskip=\skip82
\cftsubsecindent=\skip83
\cftsubsecnumwidth=\skip84
\cftbeforesubsubsecskip=\skip85
\cftsubsubsecindent=\skip86
\cftsubsubsecnumwidth=\skip87
\cftbeforeparaskip=\skip88
\cftparaindent=\skip89
\cftparanumwidth=\skip90
\cftbeforesubparaskip=\skip91
\cftsubparaindent=\skip92
\cftsubparanumwidth=\skip93
\cftbeforeloftitleskip=\skip94
\cftafterloftitleskip=\skip95
\cftbeforefigskip=\skip96
\cftfigindent=\skip97
\cftfignumwidth=\skip98
\c@lofdepth=\count124
\c@lotdepth=\count125
\cftbeforelottitleskip=\skip99
\cftafterlottitleskip=\skip100
\cftbeforetabskip=\skip101
\cfttabindent=\skip102
\cfttabnumwidth=\skip103
)
\@indexfile=\write3
\openout3 = `refman.idx'.


Writing index file refman.idx
("C:\Program Files\MiKTeX 2.9\tex\latex\hyperref\hyperref.sty"
Package: hyperref 2016/06/24 v6.83q Hypertext links for LaTeX

("C:\Program Files\MiKTeX 2.9\tex\generic\oberdiek\hobsub-hyperref.sty"
Package: hobsub-hyperref 2016/05/16 v1.14 Bundle oberdiek, subset hyperref (HO)


("C:\Program Files\MiKTeX 2.9\tex\generic\oberdiek\hobsub-generic.sty"
Package: hobsub-generic 2016/05/16 v1.14 Bundle oberdiek, subset generic (HO)
Package: hobsub 2016/05/16 v1.14 Construct package bundles (HO)
Package hobsub Info: Skipping package `infwarerr' (already loaded).
Package hobsub Info: Skipping package `ltxcmds' (already loaded).
Package: ifluatex 2016/05/16 v1.4 Provides the ifluatex switch (HO)
Package ifluatex Info: LuaTeX not detected.
Package hobsub Info: Skipping package `ifvtex' (already loaded).
Package: intcalc 2016/05/16 v1.2 Expandable calculations with integers (HO)
Package hobsub Info: Skipping package `ifpdf' (already loaded).
Package: etexcmds 2016/05/16 v1.6 Avoid name clashes with e-TeX commands (HO)
Package etexcmds Info: Could not find \expanded.
(etexcmds)             That can mean that you are not using pdfTeX 1.50 or
(etexcmds)             that some package has redefined \expanded.
(etexcmds)             In the latter case, load this package earlier.
Package: kvsetkeys 2016/05/16 v1.17 Key value parser (HO)
Package: kvdefinekeys 2016/05/16 v1.4 Define keys (HO)
Package: pdftexcmds 2016/05/21 v0.22 Utility functions of pdfTeX for LuaTeX (HO
)
Package pdftexcmds Info: LuaTeX not detected.
Package pdftexcmds Info: \pdf@primitive is available.
Package pdftexcmds Info: \pdf@ifprimitive is available.
Package pdftexcmds Info: \pdfdraftmode found.
Package: pdfescape 2016/05/16 v1.14 Implements pdfTeX's escape features (HO)
Package: bigintcalc 2016/05/16 v1.4 Expandable calculations on big integers (HO
)
Package: bitset 2016/05/16 v1.2 Handle bit-vector datatype (HO)
Package: uniquecounter 2016/05/16 v1.3 Provide unlimited unique counter (HO)
)
Package hobsub Info: Skipping package `hobsub' (already loaded).
Package: letltxmacro 2016/05/16 v1.5 Let assignment for LaTeX macros (HO)
Package: hopatch 2016/05/16 v1.3 Wrapper for package hooks (HO)
Package: xcolor-patch 2016/05/16 xcolor patch
Package: atveryend 2016/05/16 v1.9 Hooks at the very end of document (HO)
Package atveryend Info: \enddocument detected (standard20110627).
Package: atbegshi 2016/06/09 v1.18 At begin shipout hook (HO)
Package: refcount 2016/05/16 v3.5 Data extraction from label references (HO)
Package: hycolor 2016/05/16 v1.8 Color options for hyperref/bookmark (HO)
)
("C:\Program Files\MiKTeX 2.9\tex\latex\oberdiek\auxhook.sty"
Package: auxhook 2016/05/16 v1.4 Hooks for auxiliary files (HO)
)
("C:\Program Files\MiKTeX 2.9\tex\latex\oberdiek\kvoptions.sty"
Package: kvoptions 2016/05/16 v3.12 Key value format for package options (HO)
)
\@linkdim=\dimen152
\Hy@linkcounter=\count126
\Hy@pagecounter=\count127

("C:\Program Files\MiKTeX 2.9\tex\latex\hyperref\pd1enc.def"
File: pd1enc.def 2016/06/24 v6.83q Hyperref: PDFDocEncoding definition (HO)
Now handling font encoding PD1 ...
... no UTF-8 mapping file for font encoding PD1
)
\Hy@SavedSpaceFactor=\count128

("C:\Program Files\MiKTeX 2.9\tex\latex\00miktex\hyperref.cfg"
File: hyperref.cfg 2002/06/06 v1.2 hyperref configuration of TeXLive
)
Package hyperref Info: Hyper figures OFF on input line 4486.
Package hyperref Info: Link nesting OFF on input line 4491.
Package hyperref Info: Hyper index ON on input line 4494.
Package hyperref Info: Plain pages OFF on input line 4501.
Package hyperref Info: Backreferencing ON on input line 4504.
Package hyperref Info: Implicit mode ON; LaTeX internals redefined.
Package hyperref Info: Bookmarks ON on input line 4735.

("C:\Program Files\MiKTeX 2.9\tex\latex\hyperref\backref.sty"
Package: backref 2016/05/21 v1.39 Bibliographical back referencing

("C:\Program Files\MiKTeX 2.9\tex\latex\oberdiek\rerunfilecheck.sty"
Package: rerunfilecheck 2016/05/16 v1.8 Rerun checks for auxiliary files (HO)
Package uniquecounter Info: New unique counter `rerunfilecheck' on input line 2
82.
))
\c@Hy@tempcnt=\count129

(C:\Users\hsmyers\AppData\Roaming\MiKTeX\2.9\tex\latex\url\url.sty
\Urlmuskip=\muskip10
Package: url 2013/09/16  ver 3.4  Verb mode for urls, etc.
)
LaTeX Info: Redefining \url on input line 5088.
\XeTeXLinkMargin=\dimen153
\Fld@menulength=\count130
\Field@Width=\dimen154
\Fld@charsize=\dimen155
Package hyperref Info: Hyper figures OFF on input line 6342.
Package hyperref Info: Link nesting OFF on input line 6347.
Package hyperref Info: Hyper index ON on input line 6350.
Package hyperref Info: backreferencing ON on input line 6355.
Package hyperref Info: Link coloring OFF on input line 6362.
Package hyperref Info: Link coloring with OCG OFF on input line 6367.
Package hyperref Info: PDF/A mode OFF on input line 6372.
LaTeX Info: Redefining \ref on input line 6412.
LaTeX Info: Redefining \pageref on input line 6416.
\Hy@abspage=\count131
\c@Item=\count132
\c@Hfootnote=\count133
)

Package hyperref Message: Driver: hpdftex.

("C:\Program Files\MiKTeX 2.9\tex\latex\hyperref\hpdftex.def"
File: hpdftex.def 2016/06/24 v6.83q Hyperref driver for pdfTeX
\Fld@listcount=\count134
\c@bookmark@seq@number=\count135
\Hy@SectionHShift=\skip104
)
Package hyperref Info: Option `colorlinks' set `true' on input line 105.
Package hyperref Info: Option `unicode' set `true' on input line 105.

("C:\Program Files\MiKTeX 2.9\tex\latex\hyperref\puenc.def"
File: puenc.def 2016/06/24 v6.83q Hyperref: PDF Unicode definition (HO)
Now handling font encoding PU ...
... no UTF-8 mapping file for font encoding PU
)
(C:\Users\hsmyers\AppData\Roaming\MiKTeX\2.9\tex\latex\caption\caption.sty
Package: caption 2016/02/21 v3.3-144 Customizing captions (AR)

(C:\Users\hsmyers\AppData\Roaming\MiKTeX\2.9\tex\latex\caption\caption3.sty
Package: caption3 2016/05/22 v1.7-166 caption3 kernel (AR)
Package caption3 Info: TeX engine: e-TeX on input line 67.
\captionmargin=\dimen156
\captionmargin@=\dimen157
\captionwidth=\dimen158
\caption@tempdima=\dimen159
\caption@indent=\dimen160
\caption@parindent=\dimen161
\caption@hangindent=\dimen162
)
\c@ContinuedFloat=\count136
Package caption Info: float package is loaded.
Package caption Info: hyperref package is loaded.
Package caption Info: longtable package is loaded.

(C:\Users\hsmyers\AppData\Roaming\MiKTeX\2.9\tex\latex\caption\ltcaption.sty
Package: ltcaption 2013/06/09 v1.4-94 longtable captions (AR)
))
(refman.aux

LaTeX Warning: Label `structc_j_s_o_n_a401b274c2da358dac5c23ab8b2c71f85' multip
ly defined.


LaTeX Warning: Label `structc_j_s_o_n_ade862b880379b5e2a591f7326401fa8d' multip
ly defined.


LaTeX Warning: Label `structc_j_s_o_n_a488a393f610347821fce8e985e79fc2f' multip
ly defined.


LaTeX Warning: Label `structc_j_s_o_n_aa6b47e9a4b0e0a26f519b1a2b6739983' multip
ly defined.


LaTeX Warning: Label `structc_j_s_o_n_ab13084c574681593b12f6e0a3db0dcfc' multip
ly defined.


LaTeX Warning: Label `structc_j_s_o_n_a4b21817d0fd2919901abadac73214e7f' multip
ly defined.


LaTeX Warning: Label `structc_j_s_o_n_a369cea49494eb5d4409d532a731a0fbf' multip
ly defined.


LaTeX Warning: Label `structc_j_s_o_n_ad43f8de2571e504c4c5ce0a36990e6e1' multip
ly defined.


LaTeX Warning: Label `struct_color128_a7d8d0e07afcc033267f5c6b8ee5460af' multip
ly defined.


LaTeX Warning: Label `struct_color128_aad976108c20d5dac944813afb39e1b39' multip
ly defined.


LaTeX Warning: Label `struct_color128_a9c7a57c32aa6d05bac44b977d83261b2' multip
ly defined.


LaTeX Warning: Label `struct_color128_ac7bd2873d9dcc9496c30762846e9357a' multip
ly defined.


LaTeX Warning: Label `struct_color128_ad5c9016be1b1895979d83fb0cf6b59b5' multip
ly defined.


LaTeX Warning: Label `struct_color128_a3895ee8a70d847ed619c50b24c8302d1' multip
ly defined.


LaTeX Warning: Label `struct_color128_a75ba840a2e2fa86970dbbe43b2a6acff' multip
ly defined.


LaTeX Warning: Label `struct_color128_acffc1997afccd231603ea5af55ddf900' multip
ly defined.


LaTeX Warning: Label `struct_color128_a1b9594bb49e14fb65892cb73b76cfdad' multip
ly defined.


LaTeX Warning: Label `struct_color128_a332d99cef1756df3cd4fa6623a97599b' multip
ly defined.


LaTeX Warning: Label `struct_color128_a7fc499c167fb236d20ad9b2e6052b4b3' multip
ly defined.


LaTeX Warning: Label `struct_color128_a8f397bfacccdd7f7c4b62de261960426' multip
ly defined.


LaTeX Warning: Label `struct_color_d_b_l_a262fa54396ee6189934c95444b663e08' mul
tiply defined.


LaTeX Warning: Label `struct_color_d_b_l_a0036bac7853b4736d63df2c9ddd5415f' mul
tiply defined.


LaTeX Warning: Label `struct_color_d_b_l_a2a18d1e704fd3e7edd36e58aa1ad608e' mul
tiply defined.


LaTeX Warning: Label `struct_color_d_b_l_a846fc0a4774b9a47d7dcc197aac61775' mul
tiply defined.


LaTeX Warning: Label `struct_color_d_b_l_a0dd11fac7a3243fae5357a010549c79b' mul
tiply defined.


LaTeX Warning: Label `struct_color_d_b_l_ae15fca56fd7556c23cbe7c527989d4fb' mul
tiply defined.


LaTeX Warning: Label `struct_color_d_b_l_a386d58a5189f753a7f74e3d7f250cf29' mul
tiply defined.


LaTeX Warning: Label `struct_color_d_b_l_a69a19813a90cb1464e4bc5ab26572e7d' mul
tiply defined.


LaTeX Warning: Label `struct_color_d_b_l_afc3882aafb004e9426d0672e7c01edaf' mul
tiply defined.


LaTeX Warning: Label `struct_color_d_b_l_a6125ad69bdbe0f5e1d8e661c522ffe6f' mul
tiply defined.


LaTeX Warning: Label `struct_color_d_b_l_a295cfca80e80dc85e9ae1b13194a0287' mul
tiply defined.


LaTeX Warning: Label `struct_color_d_b_l_a0a80ad80b28ffc36cded142c1a1329a0' mul
tiply defined.


LaTeX Warning: Label `struct_color_f_l_t_ad9f2932b326bd90c655bce9b24424efb' mul
tiply defined.


LaTeX Warning: Label `struct_color_f_l_t_a9ac4dfc637230f01cc278625e4c08f63' mul
tiply defined.


LaTeX Warning: Label `struct_color_f_l_t_af4d84f668f31ebdd414ddb19d7e42f8a' mul
tiply defined.


LaTeX Warning: Label `struct_color_f_l_t_a17d65d9420a8ed144559a9d3d591b680' mul
tiply defined.


LaTeX Warning: Label `struct_color_f_l_t_a1a49b8e86d11b8179e100d356198f186' mul
tiply defined.


LaTeX Warning: Label `struct_color_f_l_t_a142bf1562c32e79af417a8258e764514' mul
tiply defined.


LaTeX Warning: Label `struct_color_f_l_t_a43254e86f118bc92dd21f5a58013e7e4' mul
tiply defined.


LaTeX Warning: Label `struct_color_f_l_t_aa4795f7bd4044069e9b534be7cceb117' mul
tiply defined.


LaTeX Warning: Label `struct_color_f_l_t_a70cc5d58d2522cdf732cf5d3756756f8' mul
tiply defined.


LaTeX Warning: Label `struct_color_f_l_t_ab6416bbb2cc0ab236531be916e97bd66' mul
tiply defined.


LaTeX Warning: Label `struct_color_f_l_t_a644638d709023a61d56084c27e2f6f40' mul
tiply defined.


LaTeX Warning: Label `struct_color_f_l_t_a533873f42823fa007535eccbcb1d95c1' mul
tiply defined.


LaTeX Warning: Label `struct_color_info_a1cd69aeba7e0a78c70e775a19a88eab5' mult
iply defined.


LaTeX Warning: Label `struct_color_info_ace286a57c75f465113f3fa68800eb0ff' mult
iply defined.


LaTeX Warning: Label `struct_color_info_a088bdf4ce19ae9cc8200062159164dc8' mult
iply defined.


LaTeX Warning: Label `struct_color_l_d_b_l_a7ba2fec21e5a08b5f292d33ab9cf9a3c' m
ultiply defined.


LaTeX Warning: Label `struct_color_l_d_b_l_ab83bc1e6d6d0590aa7b5a539cc66c3e2' m
ultiply defined.


LaTeX Warning: Label `struct_color_l_d_b_l_a9f083a843499dd55048426903ba90f6f' m
ultiply defined.


LaTeX Warning: Label `struct_color_l_d_b_l_adc2ea68700059c1af12b0f49e19e6687' m
ultiply defined.


LaTeX Warning: Label `struct_color_l_d_b_l_afe6063b806d79b291cba465a3db78fa2' m
ultiply defined.


LaTeX Warning: Label `struct_color_l_d_b_l_a1b70845f196a0f1d127570d8a926f1ce' m
ultiply defined.


LaTeX Warning: Label `struct_color_l_d_b_l_a075068bb3c5fa4e120df4f54a95f69bd' m
ultiply defined.


LaTeX Warning: Label `struct_color_l_d_b_l_a61908183c296dc562365e409376785ea' m
ultiply defined.


LaTeX Warning: Label `struct_color_l_d_b_l_a4b4b1a35d4396ec2dbbaad51f9ff4079' m
ultiply defined.


LaTeX Warning: Label `struct_color_l_d_b_l_a06eed3d8aea784c0ae037921b3018bdf' m
ultiply defined.


LaTeX Warning: Label `struct_color_l_d_b_l_a51a0c2cb239dcadc284963eb8a5ba423' m
ultiply defined.


LaTeX Warning: Label `struct_color_l_d_b_l_a6c3bbba3508128ad4c78842cfbe36789' m
ultiply defined.


LaTeX Warning: Label `structerror_a9b123855d5dd48e86de846588462b39f' multiply d
efined.


LaTeX Warning: Label `structerror_a24de70a4d517ab351d80c18582cadb66' multiply d
efined.


LaTeX Warning: Label `struct_h_s_v_aa5298b83b6f6ad2da2f2921c3e3202e7' multiply 
defined.


LaTeX Warning: Label `struct_h_s_v_a246df45210c6b7c61056158d1596676d' multiply 
defined.


LaTeX Warning: Label `struct_h_s_v_aade636e6ce581e93de5374f0e5d77d7c' multiply 
defined.


LaTeX Warning: Label `structparse__buffer_a52ee1184576baa3d5171059ab0e942de' mu
ltiply defined.


LaTeX Warning: Label `structparse__buffer_af613c4ed7d73f76c60c50d1bcf4c67a0' mu
ltiply defined.


LaTeX Warning: Label `structparse__buffer_a2c3e99b15da2935fc5d58124ffb4a894' mu
ltiply defined.


LaTeX Warning: Label `structparse__buffer_a036970e9335896d3cee8459eda9e2eb9' mu
ltiply defined.


LaTeX Warning: Label `structparse__buffer_af727920073077579942a79de519bb31a' mu
ltiply defined.


LaTeX Warning: Label `structprintbuffer_a754f63618e91db99f7ab6cfc4e629013' mult
iply defined.


LaTeX Warning: Label `structprintbuffer_aa7311b5da38ff8d1737824c611b48732' mult
iply defined.


LaTeX Warning: Label `structprintbuffer_a75d3f480f5308e7f4afecf30e11277ef' mult
iply defined.


LaTeX Warning: Label `structprintbuffer_a43a8b3bcc644432f12f5aed5159d2520' mult
iply defined.


LaTeX Warning: Label `structprintbuffer_a1a679f8b6fe9b413fb3a87203b0f5bc8' mult
iply defined.


LaTeX Warning: Label `structprintbuffer_aa2a7966b71dc3535e4e3789c33ec5368' mult
iply defined.


LaTeX Warning: Label `structprintbuffer_a3ed6f9d24d6591047680492a962dc7c9' mult
iply defined.


LaTeX Warning: Label `util_8h_DESCRIPTION' multiply defined.


LaTeX Warning: Label `util_8h_DESCRIPTION' multiply defined.


LaTeX Warning: Label `util_8h_DESCRIPTION' multiply defined.


LaTeX Warning: Label `util_8h_DESCRIPTION' multiply defined.

)
\openout1 = `refman.aux'.

LaTeX Font Info:    Checking defaults for OML/cmm/m/it on input line 117.
LaTeX Font Info:    ... okay on input line 117.
LaTeX Font Info:    Checking defaults for T1/cmr/m/n on input line 117.
LaTeX Font Info:    ... okay on input line 117.
LaTeX Font Info:    Checking defaults for OT1/cmr/m/n on input line 117.
LaTeX Font Info:    ... okay on input line 117.
LaTeX Font Info:    Checking defaults for OMS/cmsy/m/n on input line 117.
LaTeX Font Info:    ... okay on input line 117.
LaTeX Font Info:    Checking defaults for OMX/cmex/m/n on input line 117.
LaTeX Font Info:    ... okay on input line 117.
LaTeX Font Info:    Checking defaults for U/cmr/m/n on input line 117.
LaTeX Font Info:    ... okay on input line 117.
LaTeX Font Info:    Checking defaults for TS1/cmr/m/n on input line 117.
LaTeX Font Info:    Try loading font information for TS1+cmr on input line 117.

 ("C:\Program Files\MiKTeX 2.9\tex\latex\base\ts1cmr.fd"
File: ts1cmr.fd 2014/09/29 v2.5h Standard LaTeX font definitions
)
LaTeX Font Info:    ... okay on input line 117.
LaTeX Font Info:    Checking defaults for PD1/pdf/m/n on input line 117.
LaTeX Font Info:    ... okay on input line 117.
LaTeX Font Info:    Checking defaults for PU/pdf/m/n on input line 117.
LaTeX Font Info:    ... okay on input line 117.
LaTeX Font Info:    Try loading font information for T1+phv on input line 117.

("C:\Program Files\MiKTeX 2.9\tex\latex\psnfss\t1phv.fd"
File: t1phv.fd 2001/06/04 scalable font definitions for T1/phv.
)
LaTeX Font Info:    Font shape `T1/phv/m/n' will be
(Font)              scaled to size 8.99994pt on input line 117.

(C:\Users\hsmyers\AppData\Roaming\MiKTeX\2.9\tex\context\base\supp-pdf.mkii
[Loading MPS to PDF converter (version 2006.09.02).]
\scratchcounter=\count137
\scratchdimen=\dimen163
\scratchbox=\box65
\nofMPsegments=\count138
\nofMParguments=\count139
\everyMPshowfont=\toks30
\MPscratchCnt=\count140
\MPscratchDim=\dimen164
\MPnumerator=\count141
\makeMPintoPDFobject=\count142
\everyMPtoPDFconversion=\toks31
) ("C:\Program Files\MiKTeX 2.9\tex\latex\oberdiek\epstopdf-base.sty"
Package: epstopdf-base 2016/05/15 v2.6 Base part for package epstopdf

("C:\Program Files\MiKTeX 2.9\tex\latex\oberdiek\grfext.sty"
Package: grfext 2016/05/16 v1.2 Manage graphics extensions (HO)
)
Package epstopdf-base Info: Redefining graphics rule for `.eps' on input line 4
38.
Package grfext Info: Graphics extension search list:
(grfext)             [.png,.pdf,.jpg,.mps,.jpeg,.jbig2,.jb2,.PNG,.PDF,.JPG,.JPE
G,.JBIG2,.JB2,.eps]
(grfext)             \AppendGraphicsExtensions on input line 456.
)
*geometry* driver: auto-detecting
*geometry* detected driver: pdftex
*geometry* verbose mode - [ preamble ] result:
* driver: pdftex
* paper: a4paper
* layout: <same size as paper>
* layoutoffset:(h,v)=(0.0pt,0.0pt)
* modes: twoside 
* h-part:(L,W,R)=(71.13188pt, 455.24411pt, 71.13188pt)
* v-part:(T,H,B)=(71.13188pt, 702.78308pt, 71.13188pt)
* \paperwidth=597.50787pt
* \paperheight=845.04684pt
* \textwidth=455.24411pt
* \textheight=702.78308pt
* \oddsidemargin=-1.1381pt
* \evensidemargin=-1.1381pt
* \topmargin=-31.2056pt
* \headheight=12.0pt
* \headsep=18.06749pt
* \topskip=10.0pt
* \footskip=25.29494pt
* \marginparwidth=125.0pt
* \marginparsep=7.0pt
* \columnsep=10.0pt
* \skip\footins=9.0pt plus 4.0pt minus 2.0pt
* \hoffset=0.0pt
* \voffset=0.0pt
* \mag=1000
* \@twocolumnfalse
* \@twosidetrue
* \@mparswitchtrue
* \@reversemarginfalse
* (1in=72.27pt=25.4mm, 1cm=28.453pt)

\AtBeginShipoutBox=\box66
Package backref Info: ** backref set up for natbib ** on input line 117.
Package hyperref Info: Link coloring ON on input line 117.
("C:\Program Files\MiKTeX 2.9\tex\latex\hyperref\nameref.sty"
Package: nameref 2016/05/21 v2.44 Cross-referencing by name of section

("C:\Program Files\MiKTeX 2.9\tex\generic\oberdiek\gettitlestring.sty"
Package: gettitlestring 2016/05/16 v1.5 Cleanup title references (HO)
)
\c@section@level=\count143
)
LaTeX Info: Redefining \ref on input line 117.
LaTeX Info: Redefining \pageref on input line 117.
LaTeX Info: Redefining \nameref on input line 117.

(refman.out) (refman.out)
\@outlinefile=\write4
\openout4 = `refman.out'.

Package caption Info: Begin \AtBeginDocument code.
Package caption Info: End \AtBeginDocument code.
Package hyperref Info: Option `pageanchor' set `false' on input line 123.
Package hyperref Info: Option `bookmarksnumbered' set `true' on input line 123.

Package hyperref Info: Option `unicode' set `true' on input line 123.
LaTeX Font Info:    Font shape `T1/phv/m/n' will be
(Font)              scaled to size 12.9599pt on input line 128.
LaTeX Font Info:    Font shape `T1/phv/m/n' will be
(Font)              scaled to size 10.79993pt on input line 130.
 [1


{C:/Users/hsmyers/AppData/Local/MiKTeX/2.9/pdftex/config/pdftex.map}] [2

]
LaTeX Font Info:    Font shape `T1/phv/m/n' will be
(Font)              scaled to size 22.39185pt on input line 135.
LaTeX Font Info:    Font shape `T1/phv/bx/n' in size <24.88> not available
(Font)              Font shape `T1/phv/b/n' tried instead on input line 135.
LaTeX Font Info:    Font shape `T1/phv/b/n' will be
(Font)              scaled to size 22.39185pt on input line 135.
LaTeX Font Info:    Font shape `T1/phv/bc/n' will be
(Font)              scaled to size 22.39185pt on input line 135.
 (refman.toc
LaTeX Font Info:    Font shape `T1/phv/bx/n' in size <10> not available
(Font)              Font shape `T1/phv/b/n' tried instead on input line 1.
LaTeX Font Info:    Font shape `T1/phv/b/n' will be
(Font)              scaled to size 8.99994pt on input line 1.
LaTeX Font Info:    Try loading font information for U+wasy on input line 1.

(C:\Users\hsmyers\AppData\Roaming\MiKTeX\2.9\tex\latex\wasysym\uwasy.fd
File: uwasy.fd 2003/10/30 v2.0 Wasy-2 symbol font definitions
)
LaTeX Font Info:    Try loading font information for U+msa on input line 1.

("C:\Program Files\MiKTeX 2.9\tex\latex\amsfonts\umsa.fd"
File: umsa.fd 2013/01/14 v3.01 AMS symbols A
)
LaTeX Font Info:    Try loading font information for U+msb on input line 1.

("C:\Program Files\MiKTeX 2.9\tex\latex\amsfonts\umsb.fd"
File: umsb.fd 2013/01/14 v3.01 AMS symbols B
)
LaTeX Font Info:    Font shape `T1/phv/m/n' will be
(Font)              scaled to size 6.29996pt on input line 9.
 [1

]
LaTeX Font Info:    Font shape `T1/phv/bx/n' in size <7> not available
(Font)              Font shape `T1/phv/b/n' tried instead on input line 66.
LaTeX Font Info:    Font shape `T1/phv/b/n' will be
(Font)              scaled to size 6.29996pt on input line 66.
 [2] [3] [4]
[5] [6] [7])
\tf@toc=\write5
\openout5 = `refman.toc'.

 [8] [9] [10

]
Package hyperref Info: Option `pageanchor' set `true' on input line 138.

Chapter 1.
LaTeX Font Info:    Font shape `T1/phv/m/n' will be
(Font)              scaled to size 18.66588pt on input line 141.
LaTeX Font Info:    Font shape `T1/phv/bx/n' in size <20.74> not available
(Font)              Font shape `T1/phv/b/n' tried instead on input line 141.
LaTeX Font Info:    Font shape `T1/phv/b/n' will be
(Font)              scaled to size 18.66588pt on input line 141.
LaTeX Font Info:    Font shape `T1/phv/bc/n' will be
(Font)              scaled to size 18.66588pt on input line 141.
(md_readme.tex
LaTeX Font Info:    Font shape `T1/phv/bc/n' will be
(Font)              scaled to size 8.99994pt on input line 1.
LaTeX Font Info:    Try loading font information for TS1+phv on input line 5.
 ("C:\Program Files\MiKTeX 2.9\tex\latex\psnfss\ts1phv.fd"
File: ts1phv.fd 2001/06/04 scalable font definitions for TS1/phv.
)
LaTeX Font Info:    Font shape `TS1/phv/m/n' will be
(Font)              scaled to size 8.99994pt on input line 5.
LaTeX Font Info:    Font shape `T1/phv/m/it' in size <10> not available
(Font)              Font shape `T1/phv/m/sl' tried instead on input line 6.
LaTeX Font Info:    Font shape `T1/phv/m/sl' will be
(Font)              scaled to size 8.99994pt on input line 6.
LaTeX Font Info:    Font shape `T1/phv/bc/n' will be
(Font)              scaled to size 6.29996pt on input line 32.

[1

]
LaTeX Font Info:    Try loading font information for T1+pcr on input line 53.
 ("C:\Program Files\MiKTeX 2.9\tex\latex\psnfss\t1pcr.fd"
File: t1pcr.fd 2001/06/04 font definitions for T1/pcr.
) [2]) [3] [4

]
Chapter 2.
(todo.tex) [5] [6

]
Chapter 3.
(bug.tex) [7] [8

]
Chapter 4.
(annotated.tex
LaTeX Font Info:    Font shape `T1/phv/bx/n' in size <14.4> not available
(Font)              Font shape `T1/phv/b/n' tried instead on input line 1.
LaTeX Font Info:    Font shape `T1/phv/b/n' will be
(Font)              scaled to size 12.9599pt on input line 1.
LaTeX Font Info:    Font shape `T1/phv/bc/n' will be
(Font)              scaled to size 12.9599pt on input line 1.
) [9] [10

]
Chapter 5.
(files.tex

LaTeX Warning: Reference `c_j_s_o_n_8h' on page 11 undefined on input line 3.


LaTeX Warning: Reference `cnames_8h' on page 11 undefined on input line 5.


LaTeX Warning: Reference `colors_8h' on page 11 undefined on input line 6.


LaTeX Warning: Reference `cspace_8h' on page 11 undefined on input line 7.


LaTeX Warning: Reference `elapsed_8h' on page 11 undefined on input line 11.


LaTeX Warning: Reference `mp_8h' on page 11 undefined on input line 16.

) [11] [12

]
Chapter 6.
(structc_j_s_o_n.tex
LaTeX Font Info:    Font shape `T1/phv/bx/n' in size <12> not available
(Font)              Font shape `T1/phv/b/n' tried instead on input line 3.
LaTeX Font Info:    Font shape `T1/phv/b/n' will be
(Font)              scaled to size 10.79993pt on input line 3.
LaTeX Font Info:    Font shape `T1/phv/bc/n' will be
(Font)              scaled to size 10.79993pt on input line 3.
LaTeX Font Info:    Font shape `T1/phv/m/n' will be
(Font)              scaled to size 7.19995pt on input line 37.
 [13pdfTeX warning (ext4): destination with the same identifier (name{structc_j
_s_o_n_a401b274c2da358dac5c23ab8b2c71f85}) has been already used, duplicate ign
ored

\AtBegShi@Output ...ipout \box \AtBeginShipoutBox 
                                                  \fi \fi 
l.63 ..._s_o_n_a4b21817d0fd2919901abadac73214e7f}}
                                                  pdfTeX warning (ext4): destin
ation with the same identifier (name{structc_j_s_o_n_ade862b880379b5e2a591f7326
401fa8d}) has been already used, duplicate ignored

\AtBegShi@Output ...ipout \box \AtBeginShipoutBox 
                                                  \fi \fi 
l.63 ..._s_o_n_a4b21817d0fd2919901abadac73214e7f}}
                                                  pdfTeX warning (ext4): destin
ation with the same identifier (name{structc_j_s_o_n_a488a393f610347821fce8e985
e79fc2f}) has been already used, duplicate ignored

\AtBegShi@Output ...ipout \box \AtBeginShipoutBox 
                                                  \fi \fi 
l.63 ..._s_o_n_a4b21817d0fd2919901abadac73214e7f}}
                                                  pdfTeX warning (ext4): destin
ation with the same identifier (name{structc_j_s_o_n_aa6b47e9a4b0e0a26f519b1a2b
6739983}) has been already used, duplicate ignored

\AtBegShi@Output ...ipout \box \AtBeginShipoutBox 
                                                  \fi \fi 
l.63 ..._s_o_n_a4b21817d0fd2919901abadac73214e7f}}
                                                  ]pdfTeX warning (ext4): desti
nation with the same identifier (name{structc_j_s_o_n_a4b21817d0fd2919901abadac
73214e7f}) has been already used, duplicate ignored
<to be read again> 
                   \relax 
l.63 ..._s_o_n_a4b21817d0fd2919901abadac73214e7f}}
                                                  pdfTeX warning (ext4): destin
ation with the same identifier (name{structc_j_s_o_n_a369cea49494eb5d4409d532a7
31a0fbf}) has been already used, duplicate ignored
<to be read again> 
                   \relax 
l.69 ..._s_o_n_a369cea49494eb5d4409d532a731a0fbf}}
                                                  pdfTeX warning (ext4): destin
ation with the same identifier (name{structc_j_s_o_n_ad43f8de2571e504c4c5ce0a36
990e6e1}) has been already used, duplicate ignored
<to be read again> 
                   \relax 
l.75 ..._s_o_n_ad43f8de2571e504c4c5ce0a36990e6e1}}
                                                  )
(structc_j_s_o_n___hooks.tex) (struct_color128.tex [14pdfTeX warning (ext4): de
stination with the same identifier (name{structc_j_s_o_n_ab13084c574681593b12f6
e0a3db0dcfc}) has been already used, duplicate ignored

\AtBegShi@Output ...ipout \box \AtBeginShipoutBox 
                                                  \fi \fi 
l.41 \end{DoxyCompactItemize}
                             ] [15pdfTeX warning (ext4): destination with the s
ame identifier (name{struct_color128_a7d8d0e07afcc033267f5c6b8ee5460af}) has be
en already used, duplicate ignored

\AtBegShi@Output ...ipout \box \AtBeginShipoutBox 
                                                  \fi \fi 
l.87 ...lor128_acffc1997afccd231603ea5af55ddf900}}
                                                  pdfTeX warning (ext4): destin
ation with the same identifier (name{struct_color128_aad976108c20d5dac944813afb
39e1b39}) has been already used, duplicate ignored

\AtBegShi@Output ...ipout \box \AtBeginShipoutBox 
                                                  \fi \fi 
l.87 ...lor128_acffc1997afccd231603ea5af55ddf900}}
                                                  pdfTeX warning (ext4): destin
ation with the same identifier (name{struct_color128_a9c7a57c32aa6d05bac44b977d
83261b2}) has been already used, duplicate ignored

\AtBegShi@Output ...ipout \box \AtBeginShipoutBox 
                                                  \fi \fi 
l.87 ...lor128_acffc1997afccd231603ea5af55ddf900}}
                                                  pdfTeX warning (ext4): destin
ation with the same identifier (name{struct_color128_ac7bd2873d9dcc9496c3076284
6e9357a}) has been already used, duplicate ignored

\AtBegShi@Output ...ipout \box \AtBeginShipoutBox 
                                                  \fi \fi 
l.87 ...lor128_acffc1997afccd231603ea5af55ddf900}}
                                                  pdfTeX warning (ext4): destin
ation with the same identifier (name{struct_color128_ad5c9016be1b1895979d83fb0c
f6b59b5}) has been already used, duplicate ignored

\AtBegShi@Output ...ipout \box \AtBeginShipoutBox 
                                                  \fi \fi 
l.87 ...lor128_acffc1997afccd231603ea5af55ddf900}}
                                                  ]pdfTeX warning (ext4): desti
nation with the same identifier (name{struct_color128_acffc1997afccd231603ea5af
55ddf900}) has been already used, duplicate ignored
<to be read again> 
                   \relax 
l.87 ...lor128_acffc1997afccd231603ea5af55ddf900}}
                                                  pdfTeX warning (ext4): destin
ation with the same identifier (name{struct_color128_a1b9594bb49e14fb65892cb73b
76cfdad}) has been already used, duplicate ignored
<to be read again> 
                   \relax 
l.93 ...lor128_a1b9594bb49e14fb65892cb73b76cfdad}}
                                                  pdfTeX warning (ext4): destin
ation with the same identifier (name{struct_color128_a332d99cef1756df3cd4fa6623
a97599b}) has been already used, duplicate ignored
<to be read again> 
                   \relax 
l.99 ...lor128_a332d99cef1756df3cd4fa6623a97599b}}
                                                  pdfTeX warning (ext4): destin
ation with the same identifier (name{struct_color128_a7fc499c167fb236d20ad9b2e6
052b4b3}) has been already used, duplicate ignored
<to be read again> 
                   \relax 
l.105 ...or128_a7fc499c167fb236d20ad9b2e6052b4b3}}
                                                  pdfTeX warning (ext4): destin
ation with the same identifier (name{struct_color128_a8f397bfacccdd7f7c4b62de26
1960426}) has been already used, duplicate ignored
<to be read again> 
                   \relax 
l.111 ...or128_a8f397bfacccdd7f7c4b62de261960426}}
                                                  ) (struct_color_d_b_l.tex
[16pdfTeX warning (ext4): destination with the same identifier (name{struct_col
or128_a3895ee8a70d847ed619c50b24c8302d1}) has been already used, duplicate igno
red

\AtBegShi@Output ...ipout \box \AtBeginShipoutBox 
                                                  \fi \fi 
l.24 \mbox
          {\Hypertarget{struct_color_d_b_l_a69a19813a90cb1464e4bc5ab26572e7d...
pdfTeX warning (ext4): destination with the same identifier (name{struct_color1
28_a75ba840a2e2fa86970dbbe43b2a6acff}) has been already used, duplicate ignored


\AtBegShi@Output ...ipout \box \AtBeginShipoutBox 
                                                  \fi \fi 
l.24 \mbox
          {\Hypertarget{struct_color_d_b_l_a69a19813a90cb1464e4bc5ab26572e7d...
] [17pdfTeX warning (ext4): destination with the same identifier (name{struct_c
olor_d_b_l_a262fa54396ee6189934c95444b663e08}) has been already used, duplicate
 ignored

\AtBegShi@Output ...ipout \box \AtBeginShipoutBox 
                                                  \fi \fi 
l.78 \subsubsection{\texorpdfstring{Exps}{Exps}}
                                                pdfTeX warning (ext4): destinat
ion with the same identifier (name{struct_color_d_b_l_a0036bac7853b4736d63df2c9
ddd5415f}) has been already used, duplicate ignored

\AtBegShi@Output ...ipout \box \AtBeginShipoutBox 
                                                  \fi \fi 
l.78 \subsubsection{\texorpdfstring{Exps}{Exps}}
                                                pdfTeX warning (ext4): destinat
ion with the same identifier (name{struct_color_d_b_l_a2a18d1e704fd3e7edd36e58a
a1ad608e}) has been already used, duplicate ignored

\AtBegShi@Output ...ipout \box \AtBeginShipoutBox 
                                                  \fi \fi 
l.78 \subsubsection{\texorpdfstring{Exps}{Exps}}
                                                pdfTeX warning (ext4): destinat
ion with the same identifier (name{struct_color_d_b_l_a846fc0a4774b9a47d7dcc197
aac61775}) has been already used, duplicate ignored

\AtBegShi@Output ...ipout \box \AtBeginShipoutBox 
                                                  \fi \fi 
l.78 \subsubsection{\texorpdfstring{Exps}{Exps}}
                                                ]pdfTeX warning (ext4): destina
tion with the same identifier (name{struct_color_d_b_l_a386d58a5189f753a7f74e3d
7f250cf29}) has been already used, duplicate ignored
<to be read again> 
                   \relax 
l.81 ..._d_b_l_a386d58a5189f753a7f74e3d7f250cf29}}
                                                  pdfTeX warning (ext4): destin
ation with the same identifier (name{struct_color_d_b_l_a69a19813a90cb1464e4bc5
ab26572e7d}) has been already used, duplicate ignored
<to be read again> 
                   \relax 
l.87 ..._d_b_l_a69a19813a90cb1464e4bc5ab26572e7d}}
                                                  pdfTeX warning (ext4): destin
ation with the same identifier (name{struct_color_d_b_l_afc3882aafb004e9426d067
2e7c01edaf}) has been already used, duplicate ignored
<to be read again> 
                   \relax 
l.93 ..._d_b_l_afc3882aafb004e9426d0672e7c01edaf}}
                                                  pdfTeX warning (ext4): destin
ation with the same identifier (name{struct_color_d_b_l_a6125ad69bdbe0f5e1d8e66
1c522ffe6f}) has been already used, duplicate ignored
<to be read again> 
                   \relax 
l.99 ..._d_b_l_a6125ad69bdbe0f5e1d8e661c522ffe6f}}
                                                  pdfTeX warning (ext4): destin
ation with the same identifier (name{struct_color_d_b_l_a295cfca80e80dc85e9ae1b
13194a0287}) has been already used, duplicate ignored
<to be read again> 
                   \relax 
l.105 ...d_b_l_a295cfca80e80dc85e9ae1b13194a0287}}
                                                  pdfTeX warning (ext4): destin
ation with the same identifier (name{struct_color_d_b_l_a0a80ad80b28ffc36cded14
2c1a1329a0}) has been already used, duplicate ignored
<to be read again> 
                   \relax 
l.111 ...d_b_l_a0a80ad80b28ffc36cded142c1a1329a0}}
                                                  ) (struct_color_f_l_t.tex
[18pdfTeX warning (ext4): destination with the same identifier (name{struct_col
or_d_b_l_a0dd11fac7a3243fae5357a010549c79b}) has been already used, duplicate i
gnored

\AtBegShi@Output ...ipout \box \AtBeginShipoutBox 
                                                  \fi \fi 
l.9 \mbox
         {\Hypertarget{struct_color_f_l_t_a644638d709023a61d56084c27e2f6f40}...
pdfTeX warning (ext4): destination with the same identifier (name{struct_color_
d_b_l_ae15fca56fd7556c23cbe7c527989d4fb}) has been already used, duplicate igno
red

\AtBegShi@Output ...ipout \box \AtBeginShipoutBox 
                                                  \fi \fi 
l.9 \mbox
         {\Hypertarget{struct_color_f_l_t_a644638d709023a61d56084c27e2f6f40}...
] [19pdfTeX warning (ext4): destination with the same identifier (name{struct_c
olor_f_l_t_ad9f2932b326bd90c655bce9b24424efb}) has been already used, duplicate
 ignored

\AtBegShi@Output ...ipout \box \AtBeginShipoutBox 
                                                  \fi \fi 
l.78 \subsubsection{\texorpdfstring{Exps}{Exps}}
                                                pdfTeX warning (ext4): destinat
ion with the same identifier (name{struct_color_f_l_t_a9ac4dfc637230f01cc278625
e4c08f63}) has been already used, duplicate ignored

\AtBegShi@Output ...ipout \box \AtBeginShipoutBox 
                                                  \fi \fi 
l.78 \subsubsection{\texorpdfstring{Exps}{Exps}}
                                                pdfTeX warning (ext4): destinat
ion with the same identifier (name{struct_color_f_l_t_af4d84f668f31ebdd414ddb19
d7e42f8a}) has been already used, duplicate ignored

\AtBegShi@Output ...ipout \box \AtBeginShipoutBox 
                                                  \fi \fi 
l.78 \subsubsection{\texorpdfstring{Exps}{Exps}}
                                                pdfTeX warning (ext4): destinat
ion with the same identifier (name{struct_color_f_l_t_a17d65d9420a8ed144559a9d3
d591b680}) has been already used, duplicate ignored

\AtBegShi@Output ...ipout \box \AtBeginShipoutBox 
                                                  \fi \fi 
l.78 \subsubsection{\texorpdfstring{Exps}{Exps}}
                                                ]pdfTeX warning (ext4): destina
tion with the same identifier (name{struct_color_f_l_t_a43254e86f118bc92dd21f5a
58013e7e4}) has been already used, duplicate ignored
<to be read again> 
                   \relax 
l.81 ..._f_l_t_a43254e86f118bc92dd21f5a58013e7e4}}
                                                  pdfTeX warning (ext4): destin
ation with the same identifier (name{struct_color_f_l_t_aa4795f7bd4044069e9b534
be7cceb117}) has been already used, duplicate ignored
<to be read again> 
                   \relax 
l.87 ..._f_l_t_aa4795f7bd4044069e9b534be7cceb117}}
                                                  pdfTeX warning (ext4): destin
ation with the same identifier (name{struct_color_f_l_t_a70cc5d58d2522cdf732cf5
d3756756f8}) has been already used, duplicate ignored
<to be read again> 
                   \relax 
l.93 ..._f_l_t_a70cc5d58d2522cdf732cf5d3756756f8}}
                                                  pdfTeX warning (ext4): destin
ation with the same identifier (name{struct_color_f_l_t_ab6416bbb2cc0ab236531be
916e97bd66}) has been already used, duplicate ignored
<to be read again> 
                   \relax 
l.99 ..._f_l_t_ab6416bbb2cc0ab236531be916e97bd66}}
                                                  pdfTeX warning (ext4): destin
ation with the same identifier (name{struct_color_f_l_t_a644638d709023a61d56084
c27e2f6f40}) has been already used, duplicate ignored
<to be read again> 
                   \relax 
l.105 ...f_l_t_a644638d709023a61d56084c27e2f6f40}}
                                                  pdfTeX warning (ext4): destin
ation with the same identifier (name{struct_color_f_l_t_a533873f42823fa007535ec
cbcb1d95c1}) has been already used, duplicate ignored
<to be read again> 
                   \relax 
l.111 ...f_l_t_a533873f42823fa007535eccbcb1d95c1}}
                                                  ) (struct_color_info.tex
[20pdfTeX warning (ext4): destination with the same identifier (name{struct_col
or_f_l_t_a1a49b8e86d11b8179e100d356198f186}) has been already used, duplicate i
gnored

\AtBegShi@Output ...ipout \box \AtBeginShipoutBox 
                                                  \fi \fi 
l.9 \mbox
         {\Hypertarget{struct_color_info_a1cd69aeba7e0a78c70e775a19a88eab5}\...
pdfTeX warning (ext4): destination with the same identifier (name{struct_color_
f_l_t_a142bf1562c32e79af417a8258e764514}) has been already used, duplicate igno
red

\AtBegShi@Output ...ipout \box \AtBeginShipoutBox 
                                                  \fi \fi 
l.9 \mbox
         {\Hypertarget{struct_color_info_a1cd69aeba7e0a78c70e775a19a88eab5}\...
]) (struct_color_l_d_b_l.tex [21pdfTeX warning (ext4): destination with the sam
e identifier (name{struct_color_info_a1cd69aeba7e0a78c70e775a19a88eab5}) has be
en already used, duplicate ignored

\AtBegShi@Output ...ipout \box \AtBeginShipoutBox 
                                                  \fi \fi 
l.48 \subsubsection
                   {\texorpdfstring{C}{C}}pdfTeX warning (ext4): destination wi
th the same identifier (name{struct_color_info_ace286a57c75f465113f3fa68800eb0f
f}) has been already used, duplicate ignored

\AtBegShi@Output ...ipout \box \AtBeginShipoutBox 
                                                  \fi \fi 
l.48 \subsubsection
                   {\texorpdfstring{C}{C}}pdfTeX warning (ext4): destination wi
th the same identifier (name{struct_color_info_a088bdf4ce19ae9cc8200062159164dc
8}) has been already used, duplicate ignored

\AtBegShi@Output ...ipout \box \AtBeginShipoutBox 
                                                  \fi \fi 
l.48 \subsubsection
                   {\texorpdfstring{C}{C}}] [22pdfTeX warning (ext4): destinati
on with the same identifier (name{struct_color_l_d_b_l_a7ba2fec21e5a08b5f292d33
ab9cf9a3c}) has been already used, duplicate ignored

\AtBegShi@Output ...ipout \box \AtBeginShipoutBox 
                                                  \fi \fi 
l.87 ..._d_b_l_a61908183c296dc562365e409376785ea}}
                                                  pdfTeX warning (ext4): destin
ation with the same identifier (name{struct_color_l_d_b_l_ab83bc1e6d6d0590aa7b5
a539cc66c3e2}) has been already used, duplicate ignored

\AtBegShi@Output ...ipout \box \AtBeginShipoutBox 
                                                  \fi \fi 
l.87 ..._d_b_l_a61908183c296dc562365e409376785ea}}
                                                  pdfTeX warning (ext4): destin
ation with the same identifier (name{struct_color_l_d_b_l_a9f083a843499dd550484
26903ba90f6f}) has been already used, duplicate ignored

\AtBegShi@Output ...ipout \box \AtBeginShipoutBox 
                                                  \fi \fi 
l.87 ..._d_b_l_a61908183c296dc562365e409376785ea}}
                                                  pdfTeX warning (ext4): destin
ation with the same identifier (name{struct_color_l_d_b_l_adc2ea68700059c1af12b
0f49e19e6687}) has been already used, duplicate ignored

\AtBegShi@Output ...ipout \box \AtBeginShipoutBox 
                                                  \fi \fi 
l.87 ..._d_b_l_a61908183c296dc562365e409376785ea}}
                                                  pdfTeX warning (ext4): destin
ation with the same identifier (name{struct_color_l_d_b_l_afe6063b806d79b291cba
465a3db78fa2}) has been already used, duplicate ignored

\AtBegShi@Output ...ipout \box \AtBeginShipoutBox 
                                                  \fi \fi 
l.87 ..._d_b_l_a61908183c296dc562365e409376785ea}}
                                                  ]pdfTeX warning (ext4): desti
nation with the same identifier (name{struct_color_l_d_b_l_a61908183c296dc56236
5e409376785ea}) has been already used, duplicate ignored
<to be read again> 
                   \relax 
l.87 ..._d_b_l_a61908183c296dc562365e409376785ea}}
                                                  pdfTeX warning (ext4): destin
ation with the same identifier (name{struct_color_l_d_b_l_a4b4b1a35d4396ec2dbba
ad51f9ff4079}) has been already used, duplicate ignored
<to be read again> 
                   \relax 
l.93 ..._d_b_l_a4b4b1a35d4396ec2dbbaad51f9ff4079}}
                                                  pdfTeX warning (ext4): destin
ation with the same identifier (name{struct_color_l_d_b_l_a06eed3d8aea784c0ae03
7921b3018bdf}) has been already used, duplicate ignored
<to be read again> 
                   \relax 
l.99 ..._d_b_l_a06eed3d8aea784c0ae037921b3018bdf}}
                                                  pdfTeX warning (ext4): destin
ation with the same identifier (name{struct_color_l_d_b_l_a51a0c2cb239dcadc2849
63eb8a5ba423}) has been already used, duplicate ignored
<to be read again> 
                   \relax 
l.105 ...d_b_l_a51a0c2cb239dcadc284963eb8a5ba423}}
                                                  pdfTeX warning (ext4): destin
ation with the same identifier (name{struct_color_l_d_b_l_a6c3bbba3508128ad4c78
842cfbe36789}) has been already used, duplicate ignored
<to be read again> 
                   \relax 
l.111 ...d_b_l_a6c3bbba3508128ad4c78842cfbe36789}}
                                                  ) (structerror.tex [23pdfTeX 
warning (ext4): destination with the same identifier (name{struct_color_l_d_b_l
_a1b70845f196a0f1d127570d8a926f1ce}) has been already used, duplicate ignored

\AtBegShi@Output ...ipout \box \AtBeginShipoutBox 
                                                  \fi \fi 
l.18 \subsubsection
                   {\texorpdfstring{json}{json}}pdfTeX warning (ext4): destinat
ion with the same identifier (name{struct_color_l_d_b_l_a075068bb3c5fa4e120df4f
54a95f69bd}) has been already used, duplicate ignored

\AtBegShi@Output ...ipout \box \AtBeginShipoutBox 
                                                  \fi \fi 
l.18 \subsubsection
                   {\texorpdfstring{json}{json}}]) (struct_h_s_v.tex [24pdfTeX 
warning (ext4): destination with the same identifier (name{structerror_a9b12385
5d5dd48e86de846588462b39f}) has been already used, duplicate ignored

\AtBegShi@Output ...ipout \box \AtBeginShipoutBox 
                                                  \fi \fi 
l.38 T
      he documentation for this struct was generated from the following file...
pdfTeX warning (ext4): destination with the same identifier (name{structerror_a
24de70a4d517ab351d80c18582cadb66}) has been already used, duplicate ignored

\AtBegShi@Output ...ipout \box \AtBeginShipoutBox 
                                                  \fi \fi 
l.38 T
      he documentation for this struct was generated from the following file...
pdfTeX warning (ext4): destination with the same identifier (name{struct_h_s_v_
aa5298b83b6f6ad2da2f2921c3e3202e7}) has been already used, duplicate ignored

\AtBegShi@Output ...ipout \box \AtBeginShipoutBox 
                                                  \fi \fi 
l.38 T
      he documentation for this struct was generated from the following file...
]) (structinternal__hooks.tex) (structparse__buffer.tex [25pdfTeX warning (ext4
): destination with the same identifier (name{struct_h_s_v_a246df45210c6b7c6105
6158d1596676d}) has been already used, duplicate ignored

\AtBegShi@Output ...ipout \box \AtBeginShipoutBox 
                                                  \fi \fi 
l.42 ...buffer_a036970e9335896d3cee8459eda9e2eb9}}
                                                  pdfTeX warning (ext4): destin
ation with the same identifier (name{struct_h_s_v_aade636e6ce581e93de5374f0e5d7
7d7c}) has been already used, duplicate ignored

\AtBegShi@Output ...ipout \box \AtBeginShipoutBox 
                                                  \fi \fi 
l.42 ...buffer_a036970e9335896d3cee8459eda9e2eb9}}
                                                  pdfTeX warning (ext4): destin
ation with the same identifier (name{structparse__buffer_a52ee1184576baa3d51710
59ab0e942de}) has been already used, duplicate ignored

\AtBegShi@Output ...ipout \box \AtBeginShipoutBox 
                                                  \fi \fi 
l.42 ...buffer_a036970e9335896d3cee8459eda9e2eb9}}
                                                  ]pdfTeX warning (ext4): desti
nation with the same identifier (name{structparse__buffer_a036970e9335896d3cee8
459eda9e2eb9}) has been already used, duplicate ignored
<to be read again> 
                   \relax 
l.42 ...buffer_a036970e9335896d3cee8459eda9e2eb9}}
                                                  pdfTeX warning (ext4): destin
ation with the same identifier (name{structparse__buffer_af727920073077579942a7
9de519bb31a}) has been already used, duplicate ignored
<to be read again> 
                   \relax 
l.48 ...buffer_af727920073077579942a79de519bb31a}}
                                                  ) (structprintbuffer.tex
[26pdfTeX warning (ext4): destination with the same identifier (name{structpars
e__buffer_af613c4ed7d73f76c60c50d1bcf4c67a0}) has been already used, duplicate 
ignored

\AtBegShi@Output ...ipout \box \AtBeginShipoutBox 
                                                  \fi \fi 
l.45 \subsubsection
                   {\texorpdfstring{format}{format}}pdfTeX warning (ext4): dest
ination with the same identifier (name{structparse__buffer_a2c3e99b15da2935fc5d
58124ffb4a894}) has been already used, duplicate ignored

\AtBegShi@Output ...ipout \box \AtBeginShipoutBox 
                                                  \fi \fi 
l.45 \subsubsection
                   {\texorpdfstring{format}{format}}]pdfTeX warning (ext4): des
tination with the same identifier (name{structprintbuffer_a43a8b3bcc644432f12f5
aed5159d2520}) has been already used, duplicate ignored
<to be read again> 
                   \relax 
l.48 ...buffer_a43a8b3bcc644432f12f5aed5159d2520}}
                                                  pdfTeX warning (ext4): destin
ation with the same identifier (name{structprintbuffer_a1a679f8b6fe9b413fb3a872
03b0f5bc8}) has been already used, duplicate ignored
<to be read again> 
                   \relax 
l.54 ...buffer_a1a679f8b6fe9b413fb3a87203b0f5bc8}}
                                                  pdfTeX warning (ext4): destin
ation with the same identifier (name{structprintbuffer_aa2a7966b71dc3535e4e3789
c33ec5368}) has been already used, duplicate ignored
<to be read again> 
                   \relax 
l.60 ...buffer_aa2a7966b71dc3535e4e3789c33ec5368}}
                                                  pdfTeX warning (ext4): destin
ation with the same identifier (name{structprintbuffer_a3ed6f9d24d6591047680492
a962dc7c9}) has been already used, duplicate ignored
<to be read again> 
                   \relax 
l.66 ...buffer_a3ed6f9d24d6591047680492a962dc7c9}}
                                                  ) [27pdfTeX warning (ext4): d
estination with the same identifier (name{structprintbuffer_a754f63618e91db99f7
ab6cfc4e629013}) has been already used, duplicate ignored

\AtBegShi@Output ...ipout \box \AtBeginShipoutBox 
                                                  \fi \fi 
l.170 \chapter
              {File Documentation}pdfTeX warning (ext4): destination with the s
ame identifier (name{structprintbuffer_aa7311b5da38ff8d1737824c611b48732}) has 
been already used, duplicate ignored

\AtBegShi@Output ...ipout \box \AtBeginShipoutBox 
                                                  \fi \fi 
l.170 \chapter
              {File Documentation}pdfTeX warning (ext4): destination with the s
ame identifier (name{structprintbuffer_a75d3f480f5308e7f4afecf30e11277ef}) has 
been already used, duplicate ignored

\AtBegShi@Output ...ipout \box \AtBeginShipoutBox 
                                                  \fi \fi 
l.170 \chapter
              {File Documentation}] [28

]
Chapter 7.
(cnames_8c.tex
Underfull \hbox (badness 10000) in paragraph at lines 8--15

 []

LaTeX Font Info:    Font shape `T1/phv/m/n' will be
(Font)              scaled to size 8.09995pt on input line 25.
LaTeX Font Info:    Font shape `T1/phv/m/it' in size <9> not available
(Font)              Font shape `T1/phv/m/sl' tried instead on input line 25.
LaTeX Font Info:    Font shape `T1/phv/m/sl' will be
(Font)              scaled to size 8.09995pt on input line 25.

Underfull \hbox (badness 10000) detected at line 43
[][][]
 []

[29]
Underfull \hbox (badness 10000) detected at line 46
[][][]
 []


Underfull \hbox (badness 10000) detected at line 52
[][][]
 []

LaTeX Font Info:    Font shape `T1/pcr/m/it' in size <8> not available
(Font)              Font shape `T1/pcr/m/sl' tried instead on input line 64.

Underfull \hbox (badness 10000) detected at line 79
[][][]
 []

[30]
Underfull \hbox (badness 10000) detected at line 99
[][][]
 []


Underfull \hbox (badness 10000) detected at line 121
[][][]
 []

[31]
Underfull \hbox (badness 10000) detected at line 143
[][][]
 []

) (dictionary_8c.tex
Underfull \hbox (badness 10000) in paragraph at lines 8--13

 []


Underfull \hbox (badness 10000) detected at line 44
[][][]
 []

[32]
Underfull \hbox (badness 10000) detected at line 86
[][][]
 []

[33]
Underfull \hbox (badness 10000) detected at line 106
[][][]
 []


Underfull \hbox (badness 10000) detected at line 128
[][][]
 []

[34]
Underfull \hbox (badness 10000) detected at line 146
[][][]
 []


Underfull \hbox (badness 10000) detected at line 164
[][][]
 []


Underfull \hbox (badness 10000) detected at line 186
[][][]
 []

[35]
Underfull \hbox (badness 10000) detected at line 212
[][][]
 []

) (dictionary_8h.tex
Underfull \hbox (badness 10000) in paragraph at lines 8--12

 []

[36]
Underfull \hbox (badness 10000) detected at line 39
[][][]
 []

[37]
Underfull \hbox (badness 10000) detected at line 100
[][][]
 []


Underfull \hbox (badness 10000) detected at line 120
[][][]
 []


Overfull \vbox (27.38475pt too high) has occurred while \output is active []


[38]
Underfull \hbox (badness 10000) detected at line 142
[][][]
 []


Underfull \hbox (badness 10000) detected at line 160
[][][]
 []


Underfull \hbox (badness 10000) detected at line 178
[][][]
 []

[39]
Underfull \hbox (badness 10000) detected at line 200
[][][]
 []


Underfull \hbox (badness 10000) detected at line 226
[][][]
 []

) (elapsed_8c.tex
Underfull \hbox (badness 10000) in paragraph at lines 8--15

 []

[40]
Underfull \hbox (badness 10000) detected at line 35
[][][]
 []


Underfull \hbox (badness 10000) detected at line 38
[][][]
 []

) (getopt_8c.tex
Underfull \hbox (badness 10000) in paragraph at lines 8--20

 []

[41]
Underfull \hbox (badness 10000) detected at line 64
[][][]
 []


Underfull \hbox (badness 10000) detected at line 67
[][][]
 []


Underfull \hbox (badness 10000) detected at line 72
[][][]
 []

) (getopt_8h.tex
Underfull \hbox (badness 10000) in paragraph at lines 8--11

 []

[42]
Underfull \hbox (badness 10000) detected at line 70
[][][]
 []


Underfull \hbox (badness 10000) detected at line 73
[][][]
 []

pdfTeX warning (ext4): destination with the same identifier (name{util_8h_DESCR
IPTION}) has been already used, duplicate ignored
<to be read again> 
                   \relax 
l.76 \hypertarget{util_8h_DESCRIPTION}{}
                                        \subsection{D\+E\+S\+C\+R\+I\+P\+T\+...
[43]) (iniparser_8c.tex
Underfull \hbox (badness 10000) in paragraph at lines 8--11

 []

[44]
Underfull \hbox (badness 10000) detected at line 80
[][][]
 []

[45]
Underfull \hbox (badness 10000) detected at line 112
[][][]
 []


Underfull \hbox (badness 10000) detected at line 132
[][][]
 []

[46]
Underfull \hbox (badness 10000) detected at line 154
[][][]
 []


Underfull \hbox (badness 10000) detected at line 174
[][][]
 []

[47]
Underfull \hbox (badness 10000) detected at line 192
[][][]
 []


Underfull \hbox (badness 10000) detected at line 214
[][][]
 []

[48]
Underfull \hbox (badness 10000) detected at line 260
[][][]
 []


Underfull \hbox (badness 10000) detected at line 282
[][][]
 []

[49]
Underfull \hbox (badness 10000) detected at line 314
[][][]
 []


Underfull \hbox (badness 10000) detected at line 336
[][][]
 []

[50]
Underfull \hbox (badness 10000) detected at line 362
[][][]
 []


Underfull \hbox (badness 10000) detected at line 388
[][][]
 []

[51]
Underfull \hbox (badness 10000) detected at line 410
[][][]
 []


Underfull \hbox (badness 10000) detected at line 432
[][][]
 []

[52]
Underfull \hbox (badness 10000) detected at line 454
[][][]
 []


Underfull \hbox (badness 10000) detected at line 472
[][][]
 []

[53]
Underfull \hbox (badness 10000) detected at line 496
[][][]
 []


Underfull \hbox (badness 10000) detected at line 516
[][][]
 []

) (iniparser_8h.tex
Underfull \hbox (badness 10000) in paragraph at lines 8--12

 []

[54]
Underfull \hbox (badness 10000) detected at line 58
[][][]
 []

[55]
Underfull \hbox (badness 10000) detected at line 81
[][][]
 []


Underfull \hbox (badness 10000) detected at line 101
[][][]
 []

[56]
Underfull \hbox (badness 10000) detected at line 123
[][][]
 []


Underfull \hbox (badness 10000) detected at line 143
[][][]
 []


Underfull \hbox (badness 10000) detected at line 161
[][][]
 []

[57]
Underfull \hbox (badness 10000) detected at line 183
[][][]
 []

[58]
Underfull \hbox (badness 10000) detected at line 229
[][][]
 []


Underfull \hbox (badness 10000) detected at line 251
[][][]
 []

[59]
Underfull \hbox (badness 10000) detected at line 278
[][][]
 []


Underfull \hbox (badness 10000) detected at line 308
[][][]
 []


Overfull \vbox (15.00638pt too high) has occurred while \output is active []


[60]
Underfull \hbox (badness 10000) detected at line 324
[][][]
 []


Underfull \hbox (badness 10000) detected at line 346
[][][]
 []


Underfull \hbox (badness 10000) detected at line 371
[][][]
 []

[61]
Underfull \hbox (badness 10000) detected at line 397
[][][]
 []

[62]
Underfull \hbox (badness 10000) detected at line 423
[][][]
 []


Underfull \hbox (badness 10000) detected at line 445
[][][]
 []


Underfull \hbox (badness 10000) detected at line 467
[][][]
 []

[63]
Underfull \hbox (badness 10000) detected at line 489
[][][]
 []


Underfull \hbox (badness 10000) detected at line 507
[][][]
 []

[64]
Underfull \hbox (badness 10000) detected at line 531
[][][]
 []


Underfull \hbox (badness 10000) detected at line 566
[][][]
 []

) (palette_8c.tex
Underfull \hbox (badness 10000) in paragraph at lines 8--15

 []

[65]
Underfull \hbox (badness 10000) detected at line 51
[][][]
 []


Underfull \hbox (badness 10000) detected at line 54
[][][]
 []

pdfTeX warning (ext4): destination with the same identifier (name{util_8h_DESCR
IPTION}) has been already used, duplicate ignored
<to be read again> 
                   \relax 
l.57 \hypertarget{util_8h_DESCRIPTION}{}
                                        \subsection{D\+E\+S\+C\+R\+I\+P\+T\+...
[66]
Underfull \hbox (badness 10000) detected at line 81
[][][]
 []

[67]
Underfull \hbox (badness 10000) detected at line 112
[][][]
 []

[68]
Underfull \hbox (badness 10000) detected at line 153
[][][]
 []


Underfull \hbox (badness 10000) detected at line 173
[][][]
 []

LaTeX Font Info:    Font shape `T1/pcr/m/it' in size <7> not available
(Font)              Font shape `T1/pcr/m/sl' tried instead on input line 180.
[69]
Underfull \hbox (badness 10000) detected at line 233
[][][]
 []

[70]
Underfull \hbox (badness 10000) detected at line 268
[][][]
 []


Underfull \hbox (badness 10000) detected at line 288
[][][]
 []

[71]) (palette_8h.tex
Underfull \hbox (badness 10000) in paragraph at lines 8--10

 []

[72]
Underfull \hbox (badness 10000) detected at line 53
[][][]
 []


Underfull \hbox (badness 10000) detected at line 56
[][][]
 []

pdfTeX warning (ext4): destination with the same identifier (name{util_8h_DESCR
IPTION}) has been already used, duplicate ignored
<to be read again> 
                   \relax 
l.59 \hypertarget{util_8h_DESCRIPTION}{}
                                        \subsection{D\+E\+S\+C\+R\+I\+P\+T\+...
[73]
Underfull \hbox (badness 10000) detected at line 128
[][][]
 []


Underfull \hbox (badness 10000) detected at line 159
[][][]
 []

[74]
Underfull \hbox (badness 10000) detected at line 200
[][][]
 []


Underfull \hbox (badness 10000) detected at line 220
[][][]
 []

[75]
Overfull \vbox (18.96039pt too high) has occurred while \output is active []


[76]
Underfull \hbox (badness 10000) detected at line 280
[][][]
 []


Underfull \hbox (badness 10000) detected at line 315
[][][]
 []

[77]
Underfull \hbox (badness 10000) detected at line 335
[][][]
 []

) (util_8c.tex
Underfull \hbox (badness 10000) in paragraph at lines 8--16

 []

[78]
Underfull \hbox (badness 10000) detected at line 50
[][][]
 []


Underfull \hbox (badness 10000) detected at line 53
[][][]
 []


Underfull \hbox (badness 10000) detected at line 82
[][][]
 []

) (util_8h.tex
Underfull \hbox (badness 10000) in paragraph at lines 8--10

 []

[79]
Underfull \hbox (badness 10000) detected at line 63
[][][]
 []


Underfull \hbox (badness 10000) detected at line 66
[][][]
 []

pdfTeX warning (ext4): destination with the same identifier (name{util_8h_DESCR
IPTION}) has been already used, duplicate ignored
<to be read again> 
                   \relax 
l.69 \hypertarget{util_8h_DESCRIPTION}{}
                                        \subsection{D\+E\+S\+C\+R\+I\+P\+T\+...
[80]
Underfull \hbox (badness 10000) detected at line 111
[][][]
 []

) [81] [82

] (refman.ind [83


] [84] [85] [86])
Package atveryend Info: Empty hook `BeforeClearDocument' on input line 193.
Package atveryend Info: Empty hook `AfterLastShipout' on input line 193.
 (refman.aux)
Package atveryend Info: Executing hook `AtVeryEndDocument' on input line 193.
Package atveryend Info: Executing hook `AtEndAfterFileList' on input line 193.
Package rerunfilecheck Info: File `refman.out' has not changed.
(rerunfilecheck)             Checksum: 290E320DBFA44547531D18CE246D673D;43798.


LaTeX Warning: There were undefined references.


LaTeX Warning: There were multiply-defined labels.

Package atveryend Info: Empty hook `AtVeryVeryEnd' on input line 193.
 ) 
Here is how much of TeX's memory you used:
 16336 strings out of 493333
 248980 string characters out of 3139188
 352947 words of memory out of 20000000
 18781 multiletter control sequences out of 15000+200000
 66021 words of font info for 85 fonts, out of 3000000 for 9000
 1141 hyphenation exceptions out of 8191
 53i,16n,92p,1960b,630s stack positions out of 5000i,500n,10000p,200000b,50000s
{C:/Program Files/MiKTeX 2.9/fonts/enc/dvips/base/8r.enc}<C:/Program Files/Mi
KTeX 2.9/fonts/type1/public/amsfonts/cm/cmmi10.pfb><C:/Program Files/MiKTeX 2.9
/fonts/type1/public/amsfonts/cm/cmsy10.pfb><C:/Program Files/MiKTeX 2.9/fonts/t
ype1/public/amsfonts/cm/cmsy7.pfb><C:/Program Files/MiKTeX 2.9/fonts/type1/publ
ic/amsfonts/cm/cmsy8.pfb><C:/Program Files/MiKTeX 2.9/fonts/type1/urw/courier/u
crr8a.pfb><C:/Program Files/MiKTeX 2.9/fonts/type1/urw/courier/ucrro8a.pfb><C:/
Program Files/MiKTeX 2.9/fonts/type1/urw/helvetic/uhvb8a.pfb><C:/Program Files/
MiKTeX 2.9/fonts/type1/urw/helvetic/uhvb8ac.pfb><C:/Program Files/MiKTeX 2.9/fo
nts/type1/urw/helvetic/uhvr8a.pfb><C:/Program Files/MiKTeX 2.9/fonts/type1/urw/
helvetic/uhvro8a.pfb>
Output written on refman.pdf (98 pages, 653843 bytes).
PDF statistics:
 3094 PDF objects out of 3580 (max. 8388607)
 773 named destinations out of 1000 (max. 500000)
 1921 words of extra memory for PDF output out of 10000 (max. 10000000)

